<?xml version="1.0" encoding="UTF-8"?>
<testsuites name="jest tests" tests="104" failures="104" errors="0" time="112.948">
  <testsuite name="WorkflowStateManager - Performance Benchmarks" errors="0" failures="19" skipped="0" timestamp="2025-08-04T16:35:05" time="61.18" tests="19">
    <testcase classname="WorkflowStateManager - Performance Benchmarks › State Transition Performance" name="should meet &lt;1ms state transition target" time="0.022">
      <failure>TypeError: this.performPeriodicCleanup is not a function
    at /Users/lst97/Desktop/Work/Code/Projects/canton-cap/gui/src/renderer/src/services/workflow-state-manager.ts:1049:14
    at callTimer (/Users/lst97/Desktop/Work/Code/Projects/canton-cap/gui/node_modules/.pnpm/@sinonjs+fake-timers@10.3.0/node_modules/@sinonjs/fake-timers/src/fake-timers-src.js:744:24)
    at doTickInner (/Users/lst97/Desktop/Work/Code/Projects/canton-cap/gui/node_modules/.pnpm/@sinonjs+fake-timers@10.3.0/node_modules/@sinonjs/fake-timers/src/fake-timers-src.js:1312:29)
    at doTick (/Users/lst97/Desktop/Work/Code/Projects/canton-cap/gui/node_modules/.pnpm/@sinonjs+fake-timers@10.3.0/node_modules/@sinonjs/fake-timers/src/fake-timers-src.js:1393:20)
    at Object.tick (/Users/lst97/Desktop/Work/Code/Projects/canton-cap/gui/node_modules/.pnpm/@sinonjs+fake-timers@10.3.0/node_modules/@sinonjs/fake-timers/src/fake-timers-src.js:1401:20)
    at Object.runToLast (/Users/lst97/Desktop/Work/Code/Projects/canton-cap/gui/node_modules/.pnpm/@sinonjs+fake-timers@10.3.0/node_modules/@sinonjs/fake-timers/src/fake-timers-src.js:1558:26)
    at FakeTimers.runOnlyPendingTimers (/Users/lst97/Desktop/Work/Code/Projects/canton-cap/gui/node_modules/.pnpm/@jest+fake-timers@29.7.0/node_modules/@jest/fake-timers/build/modernFakeTimers.js:60:19)
    at Object.runOnlyPendingTimers (/Users/lst97/Desktop/Work/Code/Projects/canton-cap/gui/node_modules/.pnpm/jest-runtime@29.7.0/node_modules/jest-runtime/build/index.js:2136:52)
    at Object.&lt;anonymous&gt; (/Users/lst97/Desktop/Work/Code/Projects/canton-cap/gui/src/test-setup.ts:78:8)
    at Promise.then.completed (/Users/lst97/Desktop/Work/Code/Projects/canton-cap/gui/node_modules/.pnpm/jest-circus@29.7.0_babel-plugin-macros@3.1.0/node_modules/jest-circus/build/utils.js:298:28)
    at new Promise (&lt;anonymous&gt;)
    at callAsyncCircusFn (/Users/lst97/Desktop/Work/Code/Projects/canton-cap/gui/node_modules/.pnpm/jest-circus@29.7.0_babel-plugin-macros@3.1.0/node_modules/jest-circus/build/utils.js:231:10)
    at _callCircusHook (/Users/lst97/Desktop/Work/Code/Projects/canton-cap/gui/node_modules/.pnpm/jest-circus@29.7.0_babel-plugin-macros@3.1.0/node_modules/jest-circus/build/run.js:281:40)
    at processTicksAndRejections (node:internal/process/task_queues:105:5)
    at _runTest (/Users/lst97/Desktop/Work/Code/Projects/canton-cap/gui/node_modules/.pnpm/jest-circus@29.7.0_babel-plugin-macros@3.1.0/node_modules/jest-circus/build/run.js:254:5)
    at _runTestsForDescribeBlock (/Users/lst97/Desktop/Work/Code/Projects/canton-cap/gui/node_modules/.pnpm/jest-circus@29.7.0_babel-plugin-macros@3.1.0/node_modules/jest-circus/build/run.js:126:9)
    at _runTestsForDescribeBlock (/Users/lst97/Desktop/Work/Code/Projects/canton-cap/gui/node_modules/.pnpm/jest-circus@29.7.0_babel-plugin-macros@3.1.0/node_modules/jest-circus/build/run.js:121:9)
    at _runTestsForDescribeBlock (/Users/lst97/Desktop/Work/Code/Projects/canton-cap/gui/node_modules/.pnpm/jest-circus@29.7.0_babel-plugin-macros@3.1.0/node_modules/jest-circus/build/run.js:121:9)
    at run (/Users/lst97/Desktop/Work/Code/Projects/canton-cap/gui/node_modules/.pnpm/jest-circus@29.7.0_babel-plugin-macros@3.1.0/node_modules/jest-circus/build/run.js:71:3)
    at runAndTransformResultsToJestFormat (/Users/lst97/Desktop/Work/Code/Projects/canton-cap/gui/node_modules/.pnpm/jest-circus@29.7.0_babel-plugin-macros@3.1.0/node_modules/jest-circus/build/legacy-code-todo-rewrite/jestAdapterInit.js:122:21)
    at jestAdapter (/Users/lst97/Desktop/Work/Code/Projects/canton-cap/gui/node_modules/.pnpm/jest-circus@29.7.0_babel-plugin-macros@3.1.0/node_modules/jest-circus/build/legacy-code-todo-rewrite/jestAdapter.js:79:19)
    at runTestInternal (/Users/lst97/Desktop/Work/Code/Projects/canton-cap/gui/node_modules/.pnpm/jest-runner@29.7.0/node_modules/jest-runner/build/runTest.js:367:16)
    at runTest (/Users/lst97/Desktop/Work/Code/Projects/canton-cap/gui/node_modules/.pnpm/jest-runner@29.7.0/node_modules/jest-runner/build/runTest.js:444:34)</failure>
    </testcase>
    <testcase classname="WorkflowStateManager - Performance Benchmarks › State Transition Performance" name="should maintain performance with complex metadata" time="0.001">
      <failure>TypeError: this.performPeriodicCleanup is not a function
    at /Users/lst97/Desktop/Work/Code/Projects/canton-cap/gui/src/renderer/src/services/workflow-state-manager.ts:1049:14
    at callTimer (/Users/lst97/Desktop/Work/Code/Projects/canton-cap/gui/node_modules/.pnpm/@sinonjs+fake-timers@10.3.0/node_modules/@sinonjs/fake-timers/src/fake-timers-src.js:744:24)
    at doTickInner (/Users/lst97/Desktop/Work/Code/Projects/canton-cap/gui/node_modules/.pnpm/@sinonjs+fake-timers@10.3.0/node_modules/@sinonjs/fake-timers/src/fake-timers-src.js:1312:29)
    at doTick (/Users/lst97/Desktop/Work/Code/Projects/canton-cap/gui/node_modules/.pnpm/@sinonjs+fake-timers@10.3.0/node_modules/@sinonjs/fake-timers/src/fake-timers-src.js:1393:20)
    at Object.tick (/Users/lst97/Desktop/Work/Code/Projects/canton-cap/gui/node_modules/.pnpm/@sinonjs+fake-timers@10.3.0/node_modules/@sinonjs/fake-timers/src/fake-timers-src.js:1401:20)
    at Object.runToLast (/Users/lst97/Desktop/Work/Code/Projects/canton-cap/gui/node_modules/.pnpm/@sinonjs+fake-timers@10.3.0/node_modules/@sinonjs/fake-timers/src/fake-timers-src.js:1558:26)
    at FakeTimers.runOnlyPendingTimers (/Users/lst97/Desktop/Work/Code/Projects/canton-cap/gui/node_modules/.pnpm/@jest+fake-timers@29.7.0/node_modules/@jest/fake-timers/build/modernFakeTimers.js:60:19)
    at Object.runOnlyPendingTimers (/Users/lst97/Desktop/Work/Code/Projects/canton-cap/gui/node_modules/.pnpm/jest-runtime@29.7.0/node_modules/jest-runtime/build/index.js:2136:52)
    at Object.&lt;anonymous&gt; (/Users/lst97/Desktop/Work/Code/Projects/canton-cap/gui/src/test-setup.ts:78:8)
    at Promise.then.completed (/Users/lst97/Desktop/Work/Code/Projects/canton-cap/gui/node_modules/.pnpm/jest-circus@29.7.0_babel-plugin-macros@3.1.0/node_modules/jest-circus/build/utils.js:298:28)
    at new Promise (&lt;anonymous&gt;)
    at callAsyncCircusFn (/Users/lst97/Desktop/Work/Code/Projects/canton-cap/gui/node_modules/.pnpm/jest-circus@29.7.0_babel-plugin-macros@3.1.0/node_modules/jest-circus/build/utils.js:231:10)
    at _callCircusHook (/Users/lst97/Desktop/Work/Code/Projects/canton-cap/gui/node_modules/.pnpm/jest-circus@29.7.0_babel-plugin-macros@3.1.0/node_modules/jest-circus/build/run.js:281:40)
    at processTicksAndRejections (node:internal/process/task_queues:105:5)
    at _runTest (/Users/lst97/Desktop/Work/Code/Projects/canton-cap/gui/node_modules/.pnpm/jest-circus@29.7.0_babel-plugin-macros@3.1.0/node_modules/jest-circus/build/run.js:254:5)
    at _runTestsForDescribeBlock (/Users/lst97/Desktop/Work/Code/Projects/canton-cap/gui/node_modules/.pnpm/jest-circus@29.7.0_babel-plugin-macros@3.1.0/node_modules/jest-circus/build/run.js:126:9)
    at _runTestsForDescribeBlock (/Users/lst97/Desktop/Work/Code/Projects/canton-cap/gui/node_modules/.pnpm/jest-circus@29.7.0_babel-plugin-macros@3.1.0/node_modules/jest-circus/build/run.js:121:9)
    at _runTestsForDescribeBlock (/Users/lst97/Desktop/Work/Code/Projects/canton-cap/gui/node_modules/.pnpm/jest-circus@29.7.0_babel-plugin-macros@3.1.0/node_modules/jest-circus/build/run.js:121:9)
    at run (/Users/lst97/Desktop/Work/Code/Projects/canton-cap/gui/node_modules/.pnpm/jest-circus@29.7.0_babel-plugin-macros@3.1.0/node_modules/jest-circus/build/run.js:71:3)
    at runAndTransformResultsToJestFormat (/Users/lst97/Desktop/Work/Code/Projects/canton-cap/gui/node_modules/.pnpm/jest-circus@29.7.0_babel-plugin-macros@3.1.0/node_modules/jest-circus/build/legacy-code-todo-rewrite/jestAdapterInit.js:122:21)
    at jestAdapter (/Users/lst97/Desktop/Work/Code/Projects/canton-cap/gui/node_modules/.pnpm/jest-circus@29.7.0_babel-plugin-macros@3.1.0/node_modules/jest-circus/build/legacy-code-todo-rewrite/jestAdapter.js:79:19)
    at runTestInternal (/Users/lst97/Desktop/Work/Code/Projects/canton-cap/gui/node_modules/.pnpm/jest-runner@29.7.0/node_modules/jest-runner/build/runTest.js:367:16)
    at runTest (/Users/lst97/Desktop/Work/Code/Projects/canton-cap/gui/node_modules/.pnpm/jest-runner@29.7.0/node_modules/jest-runner/build/runTest.js:444:34)</failure>
    </testcase>
    <testcase classname="WorkflowStateManager - Performance Benchmarks › State Transition Performance" name="should scale linearly with workflow size" time="0.002">
      <failure>Error: expect(received).toBeLessThan(expected)

Expected: &lt; 2
Received:   NaN
    at Object.&lt;anonymous&gt; (/Users/lst97/Desktop/Work/Code/Projects/canton-cap/gui/src/renderer/src/services/__tests__/workflow-state-manager-performance.test.ts:175:29)
    at processTicksAndRejections (node:internal/process/task_queues:105:5)</failure>
      <failure>TypeError: this.performPeriodicCleanup is not a function
    at /Users/lst97/Desktop/Work/Code/Projects/canton-cap/gui/src/renderer/src/services/workflow-state-manager.ts:1049:14
    at callTimer (/Users/lst97/Desktop/Work/Code/Projects/canton-cap/gui/node_modules/.pnpm/@sinonjs+fake-timers@10.3.0/node_modules/@sinonjs/fake-timers/src/fake-timers-src.js:744:24)
    at doTickInner (/Users/lst97/Desktop/Work/Code/Projects/canton-cap/gui/node_modules/.pnpm/@sinonjs+fake-timers@10.3.0/node_modules/@sinonjs/fake-timers/src/fake-timers-src.js:1312:29)
    at doTick (/Users/lst97/Desktop/Work/Code/Projects/canton-cap/gui/node_modules/.pnpm/@sinonjs+fake-timers@10.3.0/node_modules/@sinonjs/fake-timers/src/fake-timers-src.js:1393:20)
    at Object.tick (/Users/lst97/Desktop/Work/Code/Projects/canton-cap/gui/node_modules/.pnpm/@sinonjs+fake-timers@10.3.0/node_modules/@sinonjs/fake-timers/src/fake-timers-src.js:1401:20)
    at Object.runToLast (/Users/lst97/Desktop/Work/Code/Projects/canton-cap/gui/node_modules/.pnpm/@sinonjs+fake-timers@10.3.0/node_modules/@sinonjs/fake-timers/src/fake-timers-src.js:1558:26)
    at FakeTimers.runOnlyPendingTimers (/Users/lst97/Desktop/Work/Code/Projects/canton-cap/gui/node_modules/.pnpm/@jest+fake-timers@29.7.0/node_modules/@jest/fake-timers/build/modernFakeTimers.js:60:19)
    at Object.runOnlyPendingTimers (/Users/lst97/Desktop/Work/Code/Projects/canton-cap/gui/node_modules/.pnpm/jest-runtime@29.7.0/node_modules/jest-runtime/build/index.js:2136:52)
    at Object.&lt;anonymous&gt; (/Users/lst97/Desktop/Work/Code/Projects/canton-cap/gui/src/test-setup.ts:78:8)
    at Promise.then.completed (/Users/lst97/Desktop/Work/Code/Projects/canton-cap/gui/node_modules/.pnpm/jest-circus@29.7.0_babel-plugin-macros@3.1.0/node_modules/jest-circus/build/utils.js:298:28)
    at new Promise (&lt;anonymous&gt;)
    at callAsyncCircusFn (/Users/lst97/Desktop/Work/Code/Projects/canton-cap/gui/node_modules/.pnpm/jest-circus@29.7.0_babel-plugin-macros@3.1.0/node_modules/jest-circus/build/utils.js:231:10)
    at _callCircusHook (/Users/lst97/Desktop/Work/Code/Projects/canton-cap/gui/node_modules/.pnpm/jest-circus@29.7.0_babel-plugin-macros@3.1.0/node_modules/jest-circus/build/run.js:281:40)
    at processTicksAndRejections (node:internal/process/task_queues:105:5)
    at _runTest (/Users/lst97/Desktop/Work/Code/Projects/canton-cap/gui/node_modules/.pnpm/jest-circus@29.7.0_babel-plugin-macros@3.1.0/node_modules/jest-circus/build/run.js:254:5)
    at _runTestsForDescribeBlock (/Users/lst97/Desktop/Work/Code/Projects/canton-cap/gui/node_modules/.pnpm/jest-circus@29.7.0_babel-plugin-macros@3.1.0/node_modules/jest-circus/build/run.js:126:9)
    at _runTestsForDescribeBlock (/Users/lst97/Desktop/Work/Code/Projects/canton-cap/gui/node_modules/.pnpm/jest-circus@29.7.0_babel-plugin-macros@3.1.0/node_modules/jest-circus/build/run.js:121:9)
    at _runTestsForDescribeBlock (/Users/lst97/Desktop/Work/Code/Projects/canton-cap/gui/node_modules/.pnpm/jest-circus@29.7.0_babel-plugin-macros@3.1.0/node_modules/jest-circus/build/run.js:121:9)
    at run (/Users/lst97/Desktop/Work/Code/Projects/canton-cap/gui/node_modules/.pnpm/jest-circus@29.7.0_babel-plugin-macros@3.1.0/node_modules/jest-circus/build/run.js:71:3)
    at runAndTransformResultsToJestFormat (/Users/lst97/Desktop/Work/Code/Projects/canton-cap/gui/node_modules/.pnpm/jest-circus@29.7.0_babel-plugin-macros@3.1.0/node_modules/jest-circus/build/legacy-code-todo-rewrite/jestAdapterInit.js:122:21)
    at jestAdapter (/Users/lst97/Desktop/Work/Code/Projects/canton-cap/gui/node_modules/.pnpm/jest-circus@29.7.0_babel-plugin-macros@3.1.0/node_modules/jest-circus/build/legacy-code-todo-rewrite/jestAdapter.js:79:19)
    at runTestInternal (/Users/lst97/Desktop/Work/Code/Projects/canton-cap/gui/node_modules/.pnpm/jest-runner@29.7.0/node_modules/jest-runner/build/runTest.js:367:16)
    at runTest (/Users/lst97/Desktop/Work/Code/Projects/canton-cap/gui/node_modules/.pnpm/jest-runner@29.7.0/node_modules/jest-runner/build/runTest.js:444:34)</failure>
    </testcase>
    <testcase classname="WorkflowStateManager - Performance Benchmarks › Notification Performance" name="should meet notification performance targets" time="10.04">
      <failure>Error: thrown: &quot;Exceeded timeout of 10000 ms for a test.
Add a timeout value to this test to increase the timeout, if this is a long-running test. See https://jestjs.io/docs/api#testname-fn-timeout.&quot;
    at /Users/lst97/Desktop/Work/Code/Projects/canton-cap/gui/src/renderer/src/services/__tests__/workflow-state-manager-performance.test.ts:184:5
    at _dispatchDescribe (/Users/lst97/Desktop/Work/Code/Projects/canton-cap/gui/node_modules/.pnpm/jest-circus@29.7.0_babel-plugin-macros@3.1.0/node_modules/jest-circus/build/index.js:91:26)
    at describe (/Users/lst97/Desktop/Work/Code/Projects/canton-cap/gui/node_modules/.pnpm/jest-circus@29.7.0_babel-plugin-macros@3.1.0/node_modules/jest-circus/build/index.js:55:5)
    at /Users/lst97/Desktop/Work/Code/Projects/canton-cap/gui/src/renderer/src/services/__tests__/workflow-state-manager-performance.test.ts:183:3
    at _dispatchDescribe (/Users/lst97/Desktop/Work/Code/Projects/canton-cap/gui/node_modules/.pnpm/jest-circus@29.7.0_babel-plugin-macros@3.1.0/node_modules/jest-circus/build/index.js:91:26)
    at describe (/Users/lst97/Desktop/Work/Code/Projects/canton-cap/gui/node_modules/.pnpm/jest-circus@29.7.0_babel-plugin-macros@3.1.0/node_modules/jest-circus/build/index.js:55:5)
    at Object.&lt;anonymous&gt; (/Users/lst97/Desktop/Work/Code/Projects/canton-cap/gui/src/renderer/src/services/__tests__/workflow-state-manager-performance.test.ts:68:1)
    at Runtime._execModule (/Users/lst97/Desktop/Work/Code/Projects/canton-cap/gui/node_modules/.pnpm/jest-runtime@29.7.0/node_modules/jest-runtime/build/index.js:1439:24)
    at Runtime._loadModule (/Users/lst97/Desktop/Work/Code/Projects/canton-cap/gui/node_modules/.pnpm/jest-runtime@29.7.0/node_modules/jest-runtime/build/index.js:1022:12)
    at Runtime.requireModule (/Users/lst97/Desktop/Work/Code/Projects/canton-cap/gui/node_modules/.pnpm/jest-runtime@29.7.0/node_modules/jest-runtime/build/index.js:882:12)
    at jestAdapter (/Users/lst97/Desktop/Work/Code/Projects/canton-cap/gui/node_modules/.pnpm/jest-circus@29.7.0_babel-plugin-macros@3.1.0/node_modules/jest-circus/build/legacy-code-todo-rewrite/jestAdapter.js:77:13)
    at processTicksAndRejections (node:internal/process/task_queues:105:5)
    at runTestInternal (/Users/lst97/Desktop/Work/Code/Projects/canton-cap/gui/node_modules/.pnpm/jest-runner@29.7.0/node_modules/jest-runner/build/runTest.js:367:16)
    at runTest (/Users/lst97/Desktop/Work/Code/Projects/canton-cap/gui/node_modules/.pnpm/jest-runner@29.7.0/node_modules/jest-runner/build/runTest.js:444:34)</failure>
      <failure>TypeError: this.performPeriodicCleanup is not a function
    at /Users/lst97/Desktop/Work/Code/Projects/canton-cap/gui/src/renderer/src/services/workflow-state-manager.ts:1049:14
    at callTimer (/Users/lst97/Desktop/Work/Code/Projects/canton-cap/gui/node_modules/.pnpm/@sinonjs+fake-timers@10.3.0/node_modules/@sinonjs/fake-timers/src/fake-timers-src.js:744:24)
    at doTickInner (/Users/lst97/Desktop/Work/Code/Projects/canton-cap/gui/node_modules/.pnpm/@sinonjs+fake-timers@10.3.0/node_modules/@sinonjs/fake-timers/src/fake-timers-src.js:1312:29)
    at doTick (/Users/lst97/Desktop/Work/Code/Projects/canton-cap/gui/node_modules/.pnpm/@sinonjs+fake-timers@10.3.0/node_modules/@sinonjs/fake-timers/src/fake-timers-src.js:1393:20)
    at Object.tick (/Users/lst97/Desktop/Work/Code/Projects/canton-cap/gui/node_modules/.pnpm/@sinonjs+fake-timers@10.3.0/node_modules/@sinonjs/fake-timers/src/fake-timers-src.js:1401:20)
    at Object.runToLast (/Users/lst97/Desktop/Work/Code/Projects/canton-cap/gui/node_modules/.pnpm/@sinonjs+fake-timers@10.3.0/node_modules/@sinonjs/fake-timers/src/fake-timers-src.js:1558:26)
    at FakeTimers.runOnlyPendingTimers (/Users/lst97/Desktop/Work/Code/Projects/canton-cap/gui/node_modules/.pnpm/@jest+fake-timers@29.7.0/node_modules/@jest/fake-timers/build/modernFakeTimers.js:60:19)
    at Object.runOnlyPendingTimers (/Users/lst97/Desktop/Work/Code/Projects/canton-cap/gui/node_modules/.pnpm/jest-runtime@29.7.0/node_modules/jest-runtime/build/index.js:2136:52)
    at Object.&lt;anonymous&gt; (/Users/lst97/Desktop/Work/Code/Projects/canton-cap/gui/src/test-setup.ts:78:8)
    at Promise.then.completed (/Users/lst97/Desktop/Work/Code/Projects/canton-cap/gui/node_modules/.pnpm/jest-circus@29.7.0_babel-plugin-macros@3.1.0/node_modules/jest-circus/build/utils.js:298:28)
    at new Promise (&lt;anonymous&gt;)
    at callAsyncCircusFn (/Users/lst97/Desktop/Work/Code/Projects/canton-cap/gui/node_modules/.pnpm/jest-circus@29.7.0_babel-plugin-macros@3.1.0/node_modules/jest-circus/build/utils.js:231:10)
    at _callCircusHook (/Users/lst97/Desktop/Work/Code/Projects/canton-cap/gui/node_modules/.pnpm/jest-circus@29.7.0_babel-plugin-macros@3.1.0/node_modules/jest-circus/build/run.js:281:40)
    at _runTest (/Users/lst97/Desktop/Work/Code/Projects/canton-cap/gui/node_modules/.pnpm/jest-circus@29.7.0_babel-plugin-macros@3.1.0/node_modules/jest-circus/build/run.js:254:5)
    at _runTestsForDescribeBlock (/Users/lst97/Desktop/Work/Code/Projects/canton-cap/gui/node_modules/.pnpm/jest-circus@29.7.0_babel-plugin-macros@3.1.0/node_modules/jest-circus/build/run.js:126:9)
    at _runTestsForDescribeBlock (/Users/lst97/Desktop/Work/Code/Projects/canton-cap/gui/node_modules/.pnpm/jest-circus@29.7.0_babel-plugin-macros@3.1.0/node_modules/jest-circus/build/run.js:121:9)
    at _runTestsForDescribeBlock (/Users/lst97/Desktop/Work/Code/Projects/canton-cap/gui/node_modules/.pnpm/jest-circus@29.7.0_babel-plugin-macros@3.1.0/node_modules/jest-circus/build/run.js:121:9)
    at run (/Users/lst97/Desktop/Work/Code/Projects/canton-cap/gui/node_modules/.pnpm/jest-circus@29.7.0_babel-plugin-macros@3.1.0/node_modules/jest-circus/build/run.js:71:3)
    at runAndTransformResultsToJestFormat (/Users/lst97/Desktop/Work/Code/Projects/canton-cap/gui/node_modules/.pnpm/jest-circus@29.7.0_babel-plugin-macros@3.1.0/node_modules/jest-circus/build/legacy-code-todo-rewrite/jestAdapterInit.js:122:21)
    at jestAdapter (/Users/lst97/Desktop/Work/Code/Projects/canton-cap/gui/node_modules/.pnpm/jest-circus@29.7.0_babel-plugin-macros@3.1.0/node_modules/jest-circus/build/legacy-code-todo-rewrite/jestAdapter.js:79:19)
    at runTestInternal (/Users/lst97/Desktop/Work/Code/Projects/canton-cap/gui/node_modules/.pnpm/jest-runner@29.7.0/node_modules/jest-runner/build/runTest.js:367:16)
    at runTest (/Users/lst97/Desktop/Work/Code/Projects/canton-cap/gui/node_modules/.pnpm/jest-runner@29.7.0/node_modules/jest-runner/build/runTest.js:444:34)</failure>
    </testcase>
    <testcase classname="WorkflowStateManager - Performance Benchmarks › Notification Performance" name="should handle burst notifications efficiently" time="10.002">
      <failure>Error: thrown: &quot;Exceeded timeout of 10000 ms for a test.
Add a timeout value to this test to increase the timeout, if this is a long-running test. See https://jestjs.io/docs/api#testname-fn-timeout.&quot;
    at /Users/lst97/Desktop/Work/Code/Projects/canton-cap/gui/src/renderer/src/services/__tests__/workflow-state-manager-performance.test.ts:216:5
    at _dispatchDescribe (/Users/lst97/Desktop/Work/Code/Projects/canton-cap/gui/node_modules/.pnpm/jest-circus@29.7.0_babel-plugin-macros@3.1.0/node_modules/jest-circus/build/index.js:91:26)
    at describe (/Users/lst97/Desktop/Work/Code/Projects/canton-cap/gui/node_modules/.pnpm/jest-circus@29.7.0_babel-plugin-macros@3.1.0/node_modules/jest-circus/build/index.js:55:5)
    at /Users/lst97/Desktop/Work/Code/Projects/canton-cap/gui/src/renderer/src/services/__tests__/workflow-state-manager-performance.test.ts:183:3
    at _dispatchDescribe (/Users/lst97/Desktop/Work/Code/Projects/canton-cap/gui/node_modules/.pnpm/jest-circus@29.7.0_babel-plugin-macros@3.1.0/node_modules/jest-circus/build/index.js:91:26)
    at describe (/Users/lst97/Desktop/Work/Code/Projects/canton-cap/gui/node_modules/.pnpm/jest-circus@29.7.0_babel-plugin-macros@3.1.0/node_modules/jest-circus/build/index.js:55:5)
    at Object.&lt;anonymous&gt; (/Users/lst97/Desktop/Work/Code/Projects/canton-cap/gui/src/renderer/src/services/__tests__/workflow-state-manager-performance.test.ts:68:1)
    at Runtime._execModule (/Users/lst97/Desktop/Work/Code/Projects/canton-cap/gui/node_modules/.pnpm/jest-runtime@29.7.0/node_modules/jest-runtime/build/index.js:1439:24)
    at Runtime._loadModule (/Users/lst97/Desktop/Work/Code/Projects/canton-cap/gui/node_modules/.pnpm/jest-runtime@29.7.0/node_modules/jest-runtime/build/index.js:1022:12)
    at Runtime.requireModule (/Users/lst97/Desktop/Work/Code/Projects/canton-cap/gui/node_modules/.pnpm/jest-runtime@29.7.0/node_modules/jest-runtime/build/index.js:882:12)
    at jestAdapter (/Users/lst97/Desktop/Work/Code/Projects/canton-cap/gui/node_modules/.pnpm/jest-circus@29.7.0_babel-plugin-macros@3.1.0/node_modules/jest-circus/build/legacy-code-todo-rewrite/jestAdapter.js:77:13)
    at processTicksAndRejections (node:internal/process/task_queues:105:5)
    at runTestInternal (/Users/lst97/Desktop/Work/Code/Projects/canton-cap/gui/node_modules/.pnpm/jest-runner@29.7.0/node_modules/jest-runner/build/runTest.js:367:16)
    at runTest (/Users/lst97/Desktop/Work/Code/Projects/canton-cap/gui/node_modules/.pnpm/jest-runner@29.7.0/node_modules/jest-runner/build/runTest.js:444:34)</failure>
      <failure>TypeError: this.performPeriodicCleanup is not a function
    at /Users/lst97/Desktop/Work/Code/Projects/canton-cap/gui/src/renderer/src/services/workflow-state-manager.ts:1049:14
    at callTimer (/Users/lst97/Desktop/Work/Code/Projects/canton-cap/gui/node_modules/.pnpm/@sinonjs+fake-timers@10.3.0/node_modules/@sinonjs/fake-timers/src/fake-timers-src.js:744:24)
    at doTickInner (/Users/lst97/Desktop/Work/Code/Projects/canton-cap/gui/node_modules/.pnpm/@sinonjs+fake-timers@10.3.0/node_modules/@sinonjs/fake-timers/src/fake-timers-src.js:1312:29)
    at doTick (/Users/lst97/Desktop/Work/Code/Projects/canton-cap/gui/node_modules/.pnpm/@sinonjs+fake-timers@10.3.0/node_modules/@sinonjs/fake-timers/src/fake-timers-src.js:1393:20)
    at Object.tick (/Users/lst97/Desktop/Work/Code/Projects/canton-cap/gui/node_modules/.pnpm/@sinonjs+fake-timers@10.3.0/node_modules/@sinonjs/fake-timers/src/fake-timers-src.js:1401:20)
    at Object.runToLast (/Users/lst97/Desktop/Work/Code/Projects/canton-cap/gui/node_modules/.pnpm/@sinonjs+fake-timers@10.3.0/node_modules/@sinonjs/fake-timers/src/fake-timers-src.js:1558:26)
    at FakeTimers.runOnlyPendingTimers (/Users/lst97/Desktop/Work/Code/Projects/canton-cap/gui/node_modules/.pnpm/@jest+fake-timers@29.7.0/node_modules/@jest/fake-timers/build/modernFakeTimers.js:60:19)
    at Object.runOnlyPendingTimers (/Users/lst97/Desktop/Work/Code/Projects/canton-cap/gui/node_modules/.pnpm/jest-runtime@29.7.0/node_modules/jest-runtime/build/index.js:2136:52)
    at Object.&lt;anonymous&gt; (/Users/lst97/Desktop/Work/Code/Projects/canton-cap/gui/src/test-setup.ts:78:8)
    at Promise.then.completed (/Users/lst97/Desktop/Work/Code/Projects/canton-cap/gui/node_modules/.pnpm/jest-circus@29.7.0_babel-plugin-macros@3.1.0/node_modules/jest-circus/build/utils.js:298:28)
    at new Promise (&lt;anonymous&gt;)
    at callAsyncCircusFn (/Users/lst97/Desktop/Work/Code/Projects/canton-cap/gui/node_modules/.pnpm/jest-circus@29.7.0_babel-plugin-macros@3.1.0/node_modules/jest-circus/build/utils.js:231:10)
    at _callCircusHook (/Users/lst97/Desktop/Work/Code/Projects/canton-cap/gui/node_modules/.pnpm/jest-circus@29.7.0_babel-plugin-macros@3.1.0/node_modules/jest-circus/build/run.js:281:40)
    at _runTest (/Users/lst97/Desktop/Work/Code/Projects/canton-cap/gui/node_modules/.pnpm/jest-circus@29.7.0_babel-plugin-macros@3.1.0/node_modules/jest-circus/build/run.js:254:5)
    at _runTestsForDescribeBlock (/Users/lst97/Desktop/Work/Code/Projects/canton-cap/gui/node_modules/.pnpm/jest-circus@29.7.0_babel-plugin-macros@3.1.0/node_modules/jest-circus/build/run.js:126:9)
    at _runTestsForDescribeBlock (/Users/lst97/Desktop/Work/Code/Projects/canton-cap/gui/node_modules/.pnpm/jest-circus@29.7.0_babel-plugin-macros@3.1.0/node_modules/jest-circus/build/run.js:121:9)
    at _runTestsForDescribeBlock (/Users/lst97/Desktop/Work/Code/Projects/canton-cap/gui/node_modules/.pnpm/jest-circus@29.7.0_babel-plugin-macros@3.1.0/node_modules/jest-circus/build/run.js:121:9)
    at run (/Users/lst97/Desktop/Work/Code/Projects/canton-cap/gui/node_modules/.pnpm/jest-circus@29.7.0_babel-plugin-macros@3.1.0/node_modules/jest-circus/build/run.js:71:3)
    at runAndTransformResultsToJestFormat (/Users/lst97/Desktop/Work/Code/Projects/canton-cap/gui/node_modules/.pnpm/jest-circus@29.7.0_babel-plugin-macros@3.1.0/node_modules/jest-circus/build/legacy-code-todo-rewrite/jestAdapterInit.js:122:21)
    at jestAdapter (/Users/lst97/Desktop/Work/Code/Projects/canton-cap/gui/node_modules/.pnpm/jest-circus@29.7.0_babel-plugin-macros@3.1.0/node_modules/jest-circus/build/legacy-code-todo-rewrite/jestAdapter.js:79:19)
    at runTestInternal (/Users/lst97/Desktop/Work/Code/Projects/canton-cap/gui/node_modules/.pnpm/jest-runner@29.7.0/node_modules/jest-runner/build/runTest.js:367:16)
    at runTest (/Users/lst97/Desktop/Work/Code/Projects/canton-cap/gui/node_modules/.pnpm/jest-runner@29.7.0/node_modules/jest-runner/build/runTest.js:444:34)</failure>
    </testcase>
    <testcase classname="WorkflowStateManager - Performance Benchmarks › Notification Performance" name="should debounce rapid notifications" time="10.002">
      <failure>Error: thrown: &quot;Exceeded timeout of 10000 ms for a test.
Add a timeout value to this test to increase the timeout, if this is a long-running test. See https://jestjs.io/docs/api#testname-fn-timeout.&quot;
    at /Users/lst97/Desktop/Work/Code/Projects/canton-cap/gui/src/renderer/src/services/__tests__/workflow-state-manager-performance.test.ts:241:5
    at _dispatchDescribe (/Users/lst97/Desktop/Work/Code/Projects/canton-cap/gui/node_modules/.pnpm/jest-circus@29.7.0_babel-plugin-macros@3.1.0/node_modules/jest-circus/build/index.js:91:26)
    at describe (/Users/lst97/Desktop/Work/Code/Projects/canton-cap/gui/node_modules/.pnpm/jest-circus@29.7.0_babel-plugin-macros@3.1.0/node_modules/jest-circus/build/index.js:55:5)
    at /Users/lst97/Desktop/Work/Code/Projects/canton-cap/gui/src/renderer/src/services/__tests__/workflow-state-manager-performance.test.ts:183:3
    at _dispatchDescribe (/Users/lst97/Desktop/Work/Code/Projects/canton-cap/gui/node_modules/.pnpm/jest-circus@29.7.0_babel-plugin-macros@3.1.0/node_modules/jest-circus/build/index.js:91:26)
    at describe (/Users/lst97/Desktop/Work/Code/Projects/canton-cap/gui/node_modules/.pnpm/jest-circus@29.7.0_babel-plugin-macros@3.1.0/node_modules/jest-circus/build/index.js:55:5)
    at Object.&lt;anonymous&gt; (/Users/lst97/Desktop/Work/Code/Projects/canton-cap/gui/src/renderer/src/services/__tests__/workflow-state-manager-performance.test.ts:68:1)
    at Runtime._execModule (/Users/lst97/Desktop/Work/Code/Projects/canton-cap/gui/node_modules/.pnpm/jest-runtime@29.7.0/node_modules/jest-runtime/build/index.js:1439:24)
    at Runtime._loadModule (/Users/lst97/Desktop/Work/Code/Projects/canton-cap/gui/node_modules/.pnpm/jest-runtime@29.7.0/node_modules/jest-runtime/build/index.js:1022:12)
    at Runtime.requireModule (/Users/lst97/Desktop/Work/Code/Projects/canton-cap/gui/node_modules/.pnpm/jest-runtime@29.7.0/node_modules/jest-runtime/build/index.js:882:12)
    at jestAdapter (/Users/lst97/Desktop/Work/Code/Projects/canton-cap/gui/node_modules/.pnpm/jest-circus@29.7.0_babel-plugin-macros@3.1.0/node_modules/jest-circus/build/legacy-code-todo-rewrite/jestAdapter.js:77:13)
    at processTicksAndRejections (node:internal/process/task_queues:105:5)
    at runTestInternal (/Users/lst97/Desktop/Work/Code/Projects/canton-cap/gui/node_modules/.pnpm/jest-runner@29.7.0/node_modules/jest-runner/build/runTest.js:367:16)
    at runTest (/Users/lst97/Desktop/Work/Code/Projects/canton-cap/gui/node_modules/.pnpm/jest-runner@29.7.0/node_modules/jest-runner/build/runTest.js:444:34)</failure>
      <failure>TypeError: this.performPeriodicCleanup is not a function
    at /Users/lst97/Desktop/Work/Code/Projects/canton-cap/gui/src/renderer/src/services/workflow-state-manager.ts:1049:14
    at callTimer (/Users/lst97/Desktop/Work/Code/Projects/canton-cap/gui/node_modules/.pnpm/@sinonjs+fake-timers@10.3.0/node_modules/@sinonjs/fake-timers/src/fake-timers-src.js:744:24)
    at doTickInner (/Users/lst97/Desktop/Work/Code/Projects/canton-cap/gui/node_modules/.pnpm/@sinonjs+fake-timers@10.3.0/node_modules/@sinonjs/fake-timers/src/fake-timers-src.js:1312:29)
    at doTick (/Users/lst97/Desktop/Work/Code/Projects/canton-cap/gui/node_modules/.pnpm/@sinonjs+fake-timers@10.3.0/node_modules/@sinonjs/fake-timers/src/fake-timers-src.js:1393:20)
    at Object.tick (/Users/lst97/Desktop/Work/Code/Projects/canton-cap/gui/node_modules/.pnpm/@sinonjs+fake-timers@10.3.0/node_modules/@sinonjs/fake-timers/src/fake-timers-src.js:1401:20)
    at Object.runToLast (/Users/lst97/Desktop/Work/Code/Projects/canton-cap/gui/node_modules/.pnpm/@sinonjs+fake-timers@10.3.0/node_modules/@sinonjs/fake-timers/src/fake-timers-src.js:1558:26)
    at FakeTimers.runOnlyPendingTimers (/Users/lst97/Desktop/Work/Code/Projects/canton-cap/gui/node_modules/.pnpm/@jest+fake-timers@29.7.0/node_modules/@jest/fake-timers/build/modernFakeTimers.js:60:19)
    at Object.runOnlyPendingTimers (/Users/lst97/Desktop/Work/Code/Projects/canton-cap/gui/node_modules/.pnpm/jest-runtime@29.7.0/node_modules/jest-runtime/build/index.js:2136:52)
    at Object.&lt;anonymous&gt; (/Users/lst97/Desktop/Work/Code/Projects/canton-cap/gui/src/test-setup.ts:78:8)
    at Promise.then.completed (/Users/lst97/Desktop/Work/Code/Projects/canton-cap/gui/node_modules/.pnpm/jest-circus@29.7.0_babel-plugin-macros@3.1.0/node_modules/jest-circus/build/utils.js:298:28)
    at new Promise (&lt;anonymous&gt;)
    at callAsyncCircusFn (/Users/lst97/Desktop/Work/Code/Projects/canton-cap/gui/node_modules/.pnpm/jest-circus@29.7.0_babel-plugin-macros@3.1.0/node_modules/jest-circus/build/utils.js:231:10)
    at _callCircusHook (/Users/lst97/Desktop/Work/Code/Projects/canton-cap/gui/node_modules/.pnpm/jest-circus@29.7.0_babel-plugin-macros@3.1.0/node_modules/jest-circus/build/run.js:281:40)
    at _runTest (/Users/lst97/Desktop/Work/Code/Projects/canton-cap/gui/node_modules/.pnpm/jest-circus@29.7.0_babel-plugin-macros@3.1.0/node_modules/jest-circus/build/run.js:254:5)
    at _runTestsForDescribeBlock (/Users/lst97/Desktop/Work/Code/Projects/canton-cap/gui/node_modules/.pnpm/jest-circus@29.7.0_babel-plugin-macros@3.1.0/node_modules/jest-circus/build/run.js:126:9)
    at _runTestsForDescribeBlock (/Users/lst97/Desktop/Work/Code/Projects/canton-cap/gui/node_modules/.pnpm/jest-circus@29.7.0_babel-plugin-macros@3.1.0/node_modules/jest-circus/build/run.js:121:9)
    at _runTestsForDescribeBlock (/Users/lst97/Desktop/Work/Code/Projects/canton-cap/gui/node_modules/.pnpm/jest-circus@29.7.0_babel-plugin-macros@3.1.0/node_modules/jest-circus/build/run.js:121:9)
    at run (/Users/lst97/Desktop/Work/Code/Projects/canton-cap/gui/node_modules/.pnpm/jest-circus@29.7.0_babel-plugin-macros@3.1.0/node_modules/jest-circus/build/run.js:71:3)
    at runAndTransformResultsToJestFormat (/Users/lst97/Desktop/Work/Code/Projects/canton-cap/gui/node_modules/.pnpm/jest-circus@29.7.0_babel-plugin-macros@3.1.0/node_modules/jest-circus/build/legacy-code-todo-rewrite/jestAdapterInit.js:122:21)
    at jestAdapter (/Users/lst97/Desktop/Work/Code/Projects/canton-cap/gui/node_modules/.pnpm/jest-circus@29.7.0_babel-plugin-macros@3.1.0/node_modules/jest-circus/build/legacy-code-todo-rewrite/jestAdapter.js:79:19)
    at runTestInternal (/Users/lst97/Desktop/Work/Code/Projects/canton-cap/gui/node_modules/.pnpm/jest-runner@29.7.0/node_modules/jest-runner/build/runTest.js:367:16)
    at runTest (/Users/lst97/Desktop/Work/Code/Projects/canton-cap/gui/node_modules/.pnpm/jest-runner@29.7.0/node_modules/jest-runner/build/runTest.js:444:34)</failure>
    </testcase>
    <testcase classname="WorkflowStateManager - Performance Benchmarks › Cache Performance" name="should achieve high cache hit rates" time="0.003">
      <failure>Error: expect(received).toBeGreaterThan(expected)

Expected: &gt; 0.8
Received:   0
    at Object.&lt;anonymous&gt; (/Users/lst97/Desktop/Work/Code/Projects/canton-cap/gui/src/renderer/src/services/__tests__/workflow-state-manager-performance.test.ts:299:36)
    at Promise.then.completed (/Users/lst97/Desktop/Work/Code/Projects/canton-cap/gui/node_modules/.pnpm/jest-circus@29.7.0_babel-plugin-macros@3.1.0/node_modules/jest-circus/build/utils.js:298:28)
    at new Promise (&lt;anonymous&gt;)
    at callAsyncCircusFn (/Users/lst97/Desktop/Work/Code/Projects/canton-cap/gui/node_modules/.pnpm/jest-circus@29.7.0_babel-plugin-macros@3.1.0/node_modules/jest-circus/build/utils.js:231:10)
    at _callCircusTest (/Users/lst97/Desktop/Work/Code/Projects/canton-cap/gui/node_modules/.pnpm/jest-circus@29.7.0_babel-plugin-macros@3.1.0/node_modules/jest-circus/build/run.js:316:40)
    at _runTest (/Users/lst97/Desktop/Work/Code/Projects/canton-cap/gui/node_modules/.pnpm/jest-circus@29.7.0_babel-plugin-macros@3.1.0/node_modules/jest-circus/build/run.js:252:3)
    at _runTestsForDescribeBlock (/Users/lst97/Desktop/Work/Code/Projects/canton-cap/gui/node_modules/.pnpm/jest-circus@29.7.0_babel-plugin-macros@3.1.0/node_modules/jest-circus/build/run.js:126:9)
    at _runTestsForDescribeBlock (/Users/lst97/Desktop/Work/Code/Projects/canton-cap/gui/node_modules/.pnpm/jest-circus@29.7.0_babel-plugin-macros@3.1.0/node_modules/jest-circus/build/run.js:121:9)
    at _runTestsForDescribeBlock (/Users/lst97/Desktop/Work/Code/Projects/canton-cap/gui/node_modules/.pnpm/jest-circus@29.7.0_babel-plugin-macros@3.1.0/node_modules/jest-circus/build/run.js:121:9)
    at run (/Users/lst97/Desktop/Work/Code/Projects/canton-cap/gui/node_modules/.pnpm/jest-circus@29.7.0_babel-plugin-macros@3.1.0/node_modules/jest-circus/build/run.js:71:3)
    at runAndTransformResultsToJestFormat (/Users/lst97/Desktop/Work/Code/Projects/canton-cap/gui/node_modules/.pnpm/jest-circus@29.7.0_babel-plugin-macros@3.1.0/node_modules/jest-circus/build/legacy-code-todo-rewrite/jestAdapterInit.js:122:21)
    at jestAdapter (/Users/lst97/Desktop/Work/Code/Projects/canton-cap/gui/node_modules/.pnpm/jest-circus@29.7.0_babel-plugin-macros@3.1.0/node_modules/jest-circus/build/legacy-code-todo-rewrite/jestAdapter.js:79:19)
    at runTestInternal (/Users/lst97/Desktop/Work/Code/Projects/canton-cap/gui/node_modules/.pnpm/jest-runner@29.7.0/node_modules/jest-runner/build/runTest.js:367:16)
    at runTest (/Users/lst97/Desktop/Work/Code/Projects/canton-cap/gui/node_modules/.pnpm/jest-runner@29.7.0/node_modules/jest-runner/build/runTest.js:444:34)</failure>
      <failure>TypeError: this.performPeriodicCleanup is not a function
    at /Users/lst97/Desktop/Work/Code/Projects/canton-cap/gui/src/renderer/src/services/workflow-state-manager.ts:1049:14
    at callTimer (/Users/lst97/Desktop/Work/Code/Projects/canton-cap/gui/node_modules/.pnpm/@sinonjs+fake-timers@10.3.0/node_modules/@sinonjs/fake-timers/src/fake-timers-src.js:744:24)
    at doTickInner (/Users/lst97/Desktop/Work/Code/Projects/canton-cap/gui/node_modules/.pnpm/@sinonjs+fake-timers@10.3.0/node_modules/@sinonjs/fake-timers/src/fake-timers-src.js:1312:29)
    at doTick (/Users/lst97/Desktop/Work/Code/Projects/canton-cap/gui/node_modules/.pnpm/@sinonjs+fake-timers@10.3.0/node_modules/@sinonjs/fake-timers/src/fake-timers-src.js:1393:20)
    at Object.tick (/Users/lst97/Desktop/Work/Code/Projects/canton-cap/gui/node_modules/.pnpm/@sinonjs+fake-timers@10.3.0/node_modules/@sinonjs/fake-timers/src/fake-timers-src.js:1401:20)
    at Object.runToLast (/Users/lst97/Desktop/Work/Code/Projects/canton-cap/gui/node_modules/.pnpm/@sinonjs+fake-timers@10.3.0/node_modules/@sinonjs/fake-timers/src/fake-timers-src.js:1558:26)
    at FakeTimers.runOnlyPendingTimers (/Users/lst97/Desktop/Work/Code/Projects/canton-cap/gui/node_modules/.pnpm/@jest+fake-timers@29.7.0/node_modules/@jest/fake-timers/build/modernFakeTimers.js:60:19)
    at Object.runOnlyPendingTimers (/Users/lst97/Desktop/Work/Code/Projects/canton-cap/gui/node_modules/.pnpm/jest-runtime@29.7.0/node_modules/jest-runtime/build/index.js:2136:52)
    at Object.&lt;anonymous&gt; (/Users/lst97/Desktop/Work/Code/Projects/canton-cap/gui/src/test-setup.ts:78:8)
    at Promise.then.completed (/Users/lst97/Desktop/Work/Code/Projects/canton-cap/gui/node_modules/.pnpm/jest-circus@29.7.0_babel-plugin-macros@3.1.0/node_modules/jest-circus/build/utils.js:298:28)
    at new Promise (&lt;anonymous&gt;)
    at callAsyncCircusFn (/Users/lst97/Desktop/Work/Code/Projects/canton-cap/gui/node_modules/.pnpm/jest-circus@29.7.0_babel-plugin-macros@3.1.0/node_modules/jest-circus/build/utils.js:231:10)
    at _callCircusHook (/Users/lst97/Desktop/Work/Code/Projects/canton-cap/gui/node_modules/.pnpm/jest-circus@29.7.0_babel-plugin-macros@3.1.0/node_modules/jest-circus/build/run.js:281:40)
    at _runTest (/Users/lst97/Desktop/Work/Code/Projects/canton-cap/gui/node_modules/.pnpm/jest-circus@29.7.0_babel-plugin-macros@3.1.0/node_modules/jest-circus/build/run.js:254:5)
    at _runTestsForDescribeBlock (/Users/lst97/Desktop/Work/Code/Projects/canton-cap/gui/node_modules/.pnpm/jest-circus@29.7.0_babel-plugin-macros@3.1.0/node_modules/jest-circus/build/run.js:126:9)
    at _runTestsForDescribeBlock (/Users/lst97/Desktop/Work/Code/Projects/canton-cap/gui/node_modules/.pnpm/jest-circus@29.7.0_babel-plugin-macros@3.1.0/node_modules/jest-circus/build/run.js:121:9)
    at _runTestsForDescribeBlock (/Users/lst97/Desktop/Work/Code/Projects/canton-cap/gui/node_modules/.pnpm/jest-circus@29.7.0_babel-plugin-macros@3.1.0/node_modules/jest-circus/build/run.js:121:9)
    at run (/Users/lst97/Desktop/Work/Code/Projects/canton-cap/gui/node_modules/.pnpm/jest-circus@29.7.0_babel-plugin-macros@3.1.0/node_modules/jest-circus/build/run.js:71:3)
    at runAndTransformResultsToJestFormat (/Users/lst97/Desktop/Work/Code/Projects/canton-cap/gui/node_modules/.pnpm/jest-circus@29.7.0_babel-plugin-macros@3.1.0/node_modules/jest-circus/build/legacy-code-todo-rewrite/jestAdapterInit.js:122:21)
    at jestAdapter (/Users/lst97/Desktop/Work/Code/Projects/canton-cap/gui/node_modules/.pnpm/jest-circus@29.7.0_babel-plugin-macros@3.1.0/node_modules/jest-circus/build/legacy-code-todo-rewrite/jestAdapter.js:79:19)
    at runTestInternal (/Users/lst97/Desktop/Work/Code/Projects/canton-cap/gui/node_modules/.pnpm/jest-runner@29.7.0/node_modules/jest-runner/build/runTest.js:367:16)
    at runTest (/Users/lst97/Desktop/Work/Code/Projects/canton-cap/gui/node_modules/.pnpm/jest-runner@29.7.0/node_modules/jest-runner/build/runTest.js:444:34)</failure>
    </testcase>
    <testcase classname="WorkflowStateManager - Performance Benchmarks › Cache Performance" name="should invalidate caches efficiently" time="0.001">
      <failure>TypeError: this.performPeriodicCleanup is not a function
    at /Users/lst97/Desktop/Work/Code/Projects/canton-cap/gui/src/renderer/src/services/workflow-state-manager.ts:1049:14
    at callTimer (/Users/lst97/Desktop/Work/Code/Projects/canton-cap/gui/node_modules/.pnpm/@sinonjs+fake-timers@10.3.0/node_modules/@sinonjs/fake-timers/src/fake-timers-src.js:744:24)
    at doTickInner (/Users/lst97/Desktop/Work/Code/Projects/canton-cap/gui/node_modules/.pnpm/@sinonjs+fake-timers@10.3.0/node_modules/@sinonjs/fake-timers/src/fake-timers-src.js:1312:29)
    at doTick (/Users/lst97/Desktop/Work/Code/Projects/canton-cap/gui/node_modules/.pnpm/@sinonjs+fake-timers@10.3.0/node_modules/@sinonjs/fake-timers/src/fake-timers-src.js:1393:20)
    at Object.tick (/Users/lst97/Desktop/Work/Code/Projects/canton-cap/gui/node_modules/.pnpm/@sinonjs+fake-timers@10.3.0/node_modules/@sinonjs/fake-timers/src/fake-timers-src.js:1401:20)
    at Object.runToLast (/Users/lst97/Desktop/Work/Code/Projects/canton-cap/gui/node_modules/.pnpm/@sinonjs+fake-timers@10.3.0/node_modules/@sinonjs/fake-timers/src/fake-timers-src.js:1558:26)
    at FakeTimers.runOnlyPendingTimers (/Users/lst97/Desktop/Work/Code/Projects/canton-cap/gui/node_modules/.pnpm/@jest+fake-timers@29.7.0/node_modules/@jest/fake-timers/build/modernFakeTimers.js:60:19)
    at Object.runOnlyPendingTimers (/Users/lst97/Desktop/Work/Code/Projects/canton-cap/gui/node_modules/.pnpm/jest-runtime@29.7.0/node_modules/jest-runtime/build/index.js:2136:52)
    at Object.&lt;anonymous&gt; (/Users/lst97/Desktop/Work/Code/Projects/canton-cap/gui/src/test-setup.ts:78:8)
    at Promise.then.completed (/Users/lst97/Desktop/Work/Code/Projects/canton-cap/gui/node_modules/.pnpm/jest-circus@29.7.0_babel-plugin-macros@3.1.0/node_modules/jest-circus/build/utils.js:298:28)
    at new Promise (&lt;anonymous&gt;)
    at callAsyncCircusFn (/Users/lst97/Desktop/Work/Code/Projects/canton-cap/gui/node_modules/.pnpm/jest-circus@29.7.0_babel-plugin-macros@3.1.0/node_modules/jest-circus/build/utils.js:231:10)
    at _callCircusHook (/Users/lst97/Desktop/Work/Code/Projects/canton-cap/gui/node_modules/.pnpm/jest-circus@29.7.0_babel-plugin-macros@3.1.0/node_modules/jest-circus/build/run.js:281:40)
    at _runTest (/Users/lst97/Desktop/Work/Code/Projects/canton-cap/gui/node_modules/.pnpm/jest-circus@29.7.0_babel-plugin-macros@3.1.0/node_modules/jest-circus/build/run.js:254:5)
    at _runTestsForDescribeBlock (/Users/lst97/Desktop/Work/Code/Projects/canton-cap/gui/node_modules/.pnpm/jest-circus@29.7.0_babel-plugin-macros@3.1.0/node_modules/jest-circus/build/run.js:126:9)
    at _runTestsForDescribeBlock (/Users/lst97/Desktop/Work/Code/Projects/canton-cap/gui/node_modules/.pnpm/jest-circus@29.7.0_babel-plugin-macros@3.1.0/node_modules/jest-circus/build/run.js:121:9)
    at _runTestsForDescribeBlock (/Users/lst97/Desktop/Work/Code/Projects/canton-cap/gui/node_modules/.pnpm/jest-circus@29.7.0_babel-plugin-macros@3.1.0/node_modules/jest-circus/build/run.js:121:9)
    at run (/Users/lst97/Desktop/Work/Code/Projects/canton-cap/gui/node_modules/.pnpm/jest-circus@29.7.0_babel-plugin-macros@3.1.0/node_modules/jest-circus/build/run.js:71:3)
    at runAndTransformResultsToJestFormat (/Users/lst97/Desktop/Work/Code/Projects/canton-cap/gui/node_modules/.pnpm/jest-circus@29.7.0_babel-plugin-macros@3.1.0/node_modules/jest-circus/build/legacy-code-todo-rewrite/jestAdapterInit.js:122:21)
    at jestAdapter (/Users/lst97/Desktop/Work/Code/Projects/canton-cap/gui/node_modules/.pnpm/jest-circus@29.7.0_babel-plugin-macros@3.1.0/node_modules/jest-circus/build/legacy-code-todo-rewrite/jestAdapter.js:79:19)
    at runTestInternal (/Users/lst97/Desktop/Work/Code/Projects/canton-cap/gui/node_modules/.pnpm/jest-runner@29.7.0/node_modules/jest-runner/build/runTest.js:367:16)
    at runTest (/Users/lst97/Desktop/Work/Code/Projects/canton-cap/gui/node_modules/.pnpm/jest-runner@29.7.0/node_modules/jest-runner/build/runTest.js:444:34)</failure>
    </testcase>
    <testcase classname="WorkflowStateManager - Performance Benchmarks › Cache Performance" name="should manage cache memory efficiently" time="0">
      <failure>TypeError: Invalid step ID format: fake-step-0. Must be lowercase letters with optional hyphens (e.g., &apos;config&apos;, &apos;input-file&apos;).
    at createStepId (/Users/lst97/Desktop/Work/Code/Projects/canton-cap/gui/src/renderer/src/types/workflow-state.ts:85:11)
    at WorkflowStateManager.getStepState (/Users/lst97/Desktop/Work/Code/Projects/canton-cap/gui/src/renderer/src/services/workflow-state-manager.ts:1648:66)
    at Object.&lt;anonymous&gt; (/Users/lst97/Desktop/Work/Code/Projects/canton-cap/gui/src/renderer/src/services/__tests__/workflow-state-manager-performance.test.ts:327:17)
    at Promise.then.completed (/Users/lst97/Desktop/Work/Code/Projects/canton-cap/gui/node_modules/.pnpm/jest-circus@29.7.0_babel-plugin-macros@3.1.0/node_modules/jest-circus/build/utils.js:298:28)
    at new Promise (&lt;anonymous&gt;)
    at callAsyncCircusFn (/Users/lst97/Desktop/Work/Code/Projects/canton-cap/gui/node_modules/.pnpm/jest-circus@29.7.0_babel-plugin-macros@3.1.0/node_modules/jest-circus/build/utils.js:231:10)
    at _callCircusTest (/Users/lst97/Desktop/Work/Code/Projects/canton-cap/gui/node_modules/.pnpm/jest-circus@29.7.0_babel-plugin-macros@3.1.0/node_modules/jest-circus/build/run.js:316:40)
    at _runTest (/Users/lst97/Desktop/Work/Code/Projects/canton-cap/gui/node_modules/.pnpm/jest-circus@29.7.0_babel-plugin-macros@3.1.0/node_modules/jest-circus/build/run.js:252:3)
    at _runTestsForDescribeBlock (/Users/lst97/Desktop/Work/Code/Projects/canton-cap/gui/node_modules/.pnpm/jest-circus@29.7.0_babel-plugin-macros@3.1.0/node_modules/jest-circus/build/run.js:126:9)
    at _runTestsForDescribeBlock (/Users/lst97/Desktop/Work/Code/Projects/canton-cap/gui/node_modules/.pnpm/jest-circus@29.7.0_babel-plugin-macros@3.1.0/node_modules/jest-circus/build/run.js:121:9)
    at _runTestsForDescribeBlock (/Users/lst97/Desktop/Work/Code/Projects/canton-cap/gui/node_modules/.pnpm/jest-circus@29.7.0_babel-plugin-macros@3.1.0/node_modules/jest-circus/build/run.js:121:9)
    at run (/Users/lst97/Desktop/Work/Code/Projects/canton-cap/gui/node_modules/.pnpm/jest-circus@29.7.0_babel-plugin-macros@3.1.0/node_modules/jest-circus/build/run.js:71:3)
    at runAndTransformResultsToJestFormat (/Users/lst97/Desktop/Work/Code/Projects/canton-cap/gui/node_modules/.pnpm/jest-circus@29.7.0_babel-plugin-macros@3.1.0/node_modules/jest-circus/build/legacy-code-todo-rewrite/jestAdapterInit.js:122:21)
    at jestAdapter (/Users/lst97/Desktop/Work/Code/Projects/canton-cap/gui/node_modules/.pnpm/jest-circus@29.7.0_babel-plugin-macros@3.1.0/node_modules/jest-circus/build/legacy-code-todo-rewrite/jestAdapter.js:79:19)
    at runTestInternal (/Users/lst97/Desktop/Work/Code/Projects/canton-cap/gui/node_modules/.pnpm/jest-runner@29.7.0/node_modules/jest-runner/build/runTest.js:367:16)
    at runTest (/Users/lst97/Desktop/Work/Code/Projects/canton-cap/gui/node_modules/.pnpm/jest-runner@29.7.0/node_modules/jest-runner/build/runTest.js:444:34)</failure>
      <failure>TypeError: this.performPeriodicCleanup is not a function
    at /Users/lst97/Desktop/Work/Code/Projects/canton-cap/gui/src/renderer/src/services/workflow-state-manager.ts:1049:14
    at callTimer (/Users/lst97/Desktop/Work/Code/Projects/canton-cap/gui/node_modules/.pnpm/@sinonjs+fake-timers@10.3.0/node_modules/@sinonjs/fake-timers/src/fake-timers-src.js:744:24)
    at doTickInner (/Users/lst97/Desktop/Work/Code/Projects/canton-cap/gui/node_modules/.pnpm/@sinonjs+fake-timers@10.3.0/node_modules/@sinonjs/fake-timers/src/fake-timers-src.js:1312:29)
    at doTick (/Users/lst97/Desktop/Work/Code/Projects/canton-cap/gui/node_modules/.pnpm/@sinonjs+fake-timers@10.3.0/node_modules/@sinonjs/fake-timers/src/fake-timers-src.js:1393:20)
    at Object.tick (/Users/lst97/Desktop/Work/Code/Projects/canton-cap/gui/node_modules/.pnpm/@sinonjs+fake-timers@10.3.0/node_modules/@sinonjs/fake-timers/src/fake-timers-src.js:1401:20)
    at Object.runToLast (/Users/lst97/Desktop/Work/Code/Projects/canton-cap/gui/node_modules/.pnpm/@sinonjs+fake-timers@10.3.0/node_modules/@sinonjs/fake-timers/src/fake-timers-src.js:1558:26)
    at FakeTimers.runOnlyPendingTimers (/Users/lst97/Desktop/Work/Code/Projects/canton-cap/gui/node_modules/.pnpm/@jest+fake-timers@29.7.0/node_modules/@jest/fake-timers/build/modernFakeTimers.js:60:19)
    at Object.runOnlyPendingTimers (/Users/lst97/Desktop/Work/Code/Projects/canton-cap/gui/node_modules/.pnpm/jest-runtime@29.7.0/node_modules/jest-runtime/build/index.js:2136:52)
    at Object.&lt;anonymous&gt; (/Users/lst97/Desktop/Work/Code/Projects/canton-cap/gui/src/test-setup.ts:78:8)
    at Promise.then.completed (/Users/lst97/Desktop/Work/Code/Projects/canton-cap/gui/node_modules/.pnpm/jest-circus@29.7.0_babel-plugin-macros@3.1.0/node_modules/jest-circus/build/utils.js:298:28)
    at new Promise (&lt;anonymous&gt;)
    at callAsyncCircusFn (/Users/lst97/Desktop/Work/Code/Projects/canton-cap/gui/node_modules/.pnpm/jest-circus@29.7.0_babel-plugin-macros@3.1.0/node_modules/jest-circus/build/utils.js:231:10)
    at _callCircusHook (/Users/lst97/Desktop/Work/Code/Projects/canton-cap/gui/node_modules/.pnpm/jest-circus@29.7.0_babel-plugin-macros@3.1.0/node_modules/jest-circus/build/run.js:281:40)
    at _runTest (/Users/lst97/Desktop/Work/Code/Projects/canton-cap/gui/node_modules/.pnpm/jest-circus@29.7.0_babel-plugin-macros@3.1.0/node_modules/jest-circus/build/run.js:254:5)
    at _runTestsForDescribeBlock (/Users/lst97/Desktop/Work/Code/Projects/canton-cap/gui/node_modules/.pnpm/jest-circus@29.7.0_babel-plugin-macros@3.1.0/node_modules/jest-circus/build/run.js:126:9)
    at _runTestsForDescribeBlock (/Users/lst97/Desktop/Work/Code/Projects/canton-cap/gui/node_modules/.pnpm/jest-circus@29.7.0_babel-plugin-macros@3.1.0/node_modules/jest-circus/build/run.js:121:9)
    at _runTestsForDescribeBlock (/Users/lst97/Desktop/Work/Code/Projects/canton-cap/gui/node_modules/.pnpm/jest-circus@29.7.0_babel-plugin-macros@3.1.0/node_modules/jest-circus/build/run.js:121:9)
    at run (/Users/lst97/Desktop/Work/Code/Projects/canton-cap/gui/node_modules/.pnpm/jest-circus@29.7.0_babel-plugin-macros@3.1.0/node_modules/jest-circus/build/run.js:71:3)
    at runAndTransformResultsToJestFormat (/Users/lst97/Desktop/Work/Code/Projects/canton-cap/gui/node_modules/.pnpm/jest-circus@29.7.0_babel-plugin-macros@3.1.0/node_modules/jest-circus/build/legacy-code-todo-rewrite/jestAdapterInit.js:122:21)
    at jestAdapter (/Users/lst97/Desktop/Work/Code/Projects/canton-cap/gui/node_modules/.pnpm/jest-circus@29.7.0_babel-plugin-macros@3.1.0/node_modules/jest-circus/build/legacy-code-todo-rewrite/jestAdapter.js:79:19)
    at runTestInternal (/Users/lst97/Desktop/Work/Code/Projects/canton-cap/gui/node_modules/.pnpm/jest-runner@29.7.0/node_modules/jest-runner/build/runTest.js:367:16)
    at runTest (/Users/lst97/Desktop/Work/Code/Projects/canton-cap/gui/node_modules/.pnpm/jest-runner@29.7.0/node_modules/jest-runner/build/runTest.js:444:34)</failure>
    </testcase>
    <testcase classname="WorkflowStateManager - Performance Benchmarks › Batch Operation Performance" name="should perform batch operations efficiently" time="0.002">
      <failure>TypeError: this.performPeriodicCleanup is not a function
    at /Users/lst97/Desktop/Work/Code/Projects/canton-cap/gui/src/renderer/src/services/workflow-state-manager.ts:1049:14
    at callTimer (/Users/lst97/Desktop/Work/Code/Projects/canton-cap/gui/node_modules/.pnpm/@sinonjs+fake-timers@10.3.0/node_modules/@sinonjs/fake-timers/src/fake-timers-src.js:744:24)
    at doTickInner (/Users/lst97/Desktop/Work/Code/Projects/canton-cap/gui/node_modules/.pnpm/@sinonjs+fake-timers@10.3.0/node_modules/@sinonjs/fake-timers/src/fake-timers-src.js:1312:29)
    at doTick (/Users/lst97/Desktop/Work/Code/Projects/canton-cap/gui/node_modules/.pnpm/@sinonjs+fake-timers@10.3.0/node_modules/@sinonjs/fake-timers/src/fake-timers-src.js:1393:20)
    at Object.tick (/Users/lst97/Desktop/Work/Code/Projects/canton-cap/gui/node_modules/.pnpm/@sinonjs+fake-timers@10.3.0/node_modules/@sinonjs/fake-timers/src/fake-timers-src.js:1401:20)
    at Object.runToLast (/Users/lst97/Desktop/Work/Code/Projects/canton-cap/gui/node_modules/.pnpm/@sinonjs+fake-timers@10.3.0/node_modules/@sinonjs/fake-timers/src/fake-timers-src.js:1558:26)
    at FakeTimers.runOnlyPendingTimers (/Users/lst97/Desktop/Work/Code/Projects/canton-cap/gui/node_modules/.pnpm/@jest+fake-timers@29.7.0/node_modules/@jest/fake-timers/build/modernFakeTimers.js:60:19)
    at Object.runOnlyPendingTimers (/Users/lst97/Desktop/Work/Code/Projects/canton-cap/gui/node_modules/.pnpm/jest-runtime@29.7.0/node_modules/jest-runtime/build/index.js:2136:52)
    at Object.&lt;anonymous&gt; (/Users/lst97/Desktop/Work/Code/Projects/canton-cap/gui/src/test-setup.ts:78:8)
    at Promise.then.completed (/Users/lst97/Desktop/Work/Code/Projects/canton-cap/gui/node_modules/.pnpm/jest-circus@29.7.0_babel-plugin-macros@3.1.0/node_modules/jest-circus/build/utils.js:298:28)
    at new Promise (&lt;anonymous&gt;)
    at callAsyncCircusFn (/Users/lst97/Desktop/Work/Code/Projects/canton-cap/gui/node_modules/.pnpm/jest-circus@29.7.0_babel-plugin-macros@3.1.0/node_modules/jest-circus/build/utils.js:231:10)
    at _callCircusHook (/Users/lst97/Desktop/Work/Code/Projects/canton-cap/gui/node_modules/.pnpm/jest-circus@29.7.0_babel-plugin-macros@3.1.0/node_modules/jest-circus/build/run.js:281:40)
    at _runTest (/Users/lst97/Desktop/Work/Code/Projects/canton-cap/gui/node_modules/.pnpm/jest-circus@29.7.0_babel-plugin-macros@3.1.0/node_modules/jest-circus/build/run.js:254:5)
    at _runTestsForDescribeBlock (/Users/lst97/Desktop/Work/Code/Projects/canton-cap/gui/node_modules/.pnpm/jest-circus@29.7.0_babel-plugin-macros@3.1.0/node_modules/jest-circus/build/run.js:126:9)
    at _runTestsForDescribeBlock (/Users/lst97/Desktop/Work/Code/Projects/canton-cap/gui/node_modules/.pnpm/jest-circus@29.7.0_babel-plugin-macros@3.1.0/node_modules/jest-circus/build/run.js:121:9)
    at _runTestsForDescribeBlock (/Users/lst97/Desktop/Work/Code/Projects/canton-cap/gui/node_modules/.pnpm/jest-circus@29.7.0_babel-plugin-macros@3.1.0/node_modules/jest-circus/build/run.js:121:9)
    at run (/Users/lst97/Desktop/Work/Code/Projects/canton-cap/gui/node_modules/.pnpm/jest-circus@29.7.0_babel-plugin-macros@3.1.0/node_modules/jest-circus/build/run.js:71:3)
    at runAndTransformResultsToJestFormat (/Users/lst97/Desktop/Work/Code/Projects/canton-cap/gui/node_modules/.pnpm/jest-circus@29.7.0_babel-plugin-macros@3.1.0/node_modules/jest-circus/build/legacy-code-todo-rewrite/jestAdapterInit.js:122:21)
    at jestAdapter (/Users/lst97/Desktop/Work/Code/Projects/canton-cap/gui/node_modules/.pnpm/jest-circus@29.7.0_babel-plugin-macros@3.1.0/node_modules/jest-circus/build/legacy-code-todo-rewrite/jestAdapter.js:79:19)
    at runTestInternal (/Users/lst97/Desktop/Work/Code/Projects/canton-cap/gui/node_modules/.pnpm/jest-runner@29.7.0/node_modules/jest-runner/build/runTest.js:367:16)
    at runTest (/Users/lst97/Desktop/Work/Code/Projects/canton-cap/gui/node_modules/.pnpm/jest-runner@29.7.0/node_modules/jest-runner/build/runTest.js:444:34)</failure>
    </testcase>
    <testcase classname="WorkflowStateManager - Performance Benchmarks › Batch Operation Performance" name="should scale batch operations linearly" time="0.002">
      <failure>TypeError: this.performPeriodicCleanup is not a function
    at /Users/lst97/Desktop/Work/Code/Projects/canton-cap/gui/src/renderer/src/services/workflow-state-manager.ts:1049:14
    at callTimer (/Users/lst97/Desktop/Work/Code/Projects/canton-cap/gui/node_modules/.pnpm/@sinonjs+fake-timers@10.3.0/node_modules/@sinonjs/fake-timers/src/fake-timers-src.js:744:24)
    at doTickInner (/Users/lst97/Desktop/Work/Code/Projects/canton-cap/gui/node_modules/.pnpm/@sinonjs+fake-timers@10.3.0/node_modules/@sinonjs/fake-timers/src/fake-timers-src.js:1312:29)
    at doTick (/Users/lst97/Desktop/Work/Code/Projects/canton-cap/gui/node_modules/.pnpm/@sinonjs+fake-timers@10.3.0/node_modules/@sinonjs/fake-timers/src/fake-timers-src.js:1393:20)
    at Object.tick (/Users/lst97/Desktop/Work/Code/Projects/canton-cap/gui/node_modules/.pnpm/@sinonjs+fake-timers@10.3.0/node_modules/@sinonjs/fake-timers/src/fake-timers-src.js:1401:20)
    at Object.runToLast (/Users/lst97/Desktop/Work/Code/Projects/canton-cap/gui/node_modules/.pnpm/@sinonjs+fake-timers@10.3.0/node_modules/@sinonjs/fake-timers/src/fake-timers-src.js:1558:26)
    at FakeTimers.runOnlyPendingTimers (/Users/lst97/Desktop/Work/Code/Projects/canton-cap/gui/node_modules/.pnpm/@jest+fake-timers@29.7.0/node_modules/@jest/fake-timers/build/modernFakeTimers.js:60:19)
    at Object.runOnlyPendingTimers (/Users/lst97/Desktop/Work/Code/Projects/canton-cap/gui/node_modules/.pnpm/jest-runtime@29.7.0/node_modules/jest-runtime/build/index.js:2136:52)
    at Object.&lt;anonymous&gt; (/Users/lst97/Desktop/Work/Code/Projects/canton-cap/gui/src/test-setup.ts:78:8)
    at Promise.then.completed (/Users/lst97/Desktop/Work/Code/Projects/canton-cap/gui/node_modules/.pnpm/jest-circus@29.7.0_babel-plugin-macros@3.1.0/node_modules/jest-circus/build/utils.js:298:28)
    at new Promise (&lt;anonymous&gt;)
    at callAsyncCircusFn (/Users/lst97/Desktop/Work/Code/Projects/canton-cap/gui/node_modules/.pnpm/jest-circus@29.7.0_babel-plugin-macros@3.1.0/node_modules/jest-circus/build/utils.js:231:10)
    at _callCircusHook (/Users/lst97/Desktop/Work/Code/Projects/canton-cap/gui/node_modules/.pnpm/jest-circus@29.7.0_babel-plugin-macros@3.1.0/node_modules/jest-circus/build/run.js:281:40)
    at _runTest (/Users/lst97/Desktop/Work/Code/Projects/canton-cap/gui/node_modules/.pnpm/jest-circus@29.7.0_babel-plugin-macros@3.1.0/node_modules/jest-circus/build/run.js:254:5)
    at _runTestsForDescribeBlock (/Users/lst97/Desktop/Work/Code/Projects/canton-cap/gui/node_modules/.pnpm/jest-circus@29.7.0_babel-plugin-macros@3.1.0/node_modules/jest-circus/build/run.js:126:9)
    at _runTestsForDescribeBlock (/Users/lst97/Desktop/Work/Code/Projects/canton-cap/gui/node_modules/.pnpm/jest-circus@29.7.0_babel-plugin-macros@3.1.0/node_modules/jest-circus/build/run.js:121:9)
    at _runTestsForDescribeBlock (/Users/lst97/Desktop/Work/Code/Projects/canton-cap/gui/node_modules/.pnpm/jest-circus@29.7.0_babel-plugin-macros@3.1.0/node_modules/jest-circus/build/run.js:121:9)
    at run (/Users/lst97/Desktop/Work/Code/Projects/canton-cap/gui/node_modules/.pnpm/jest-circus@29.7.0_babel-plugin-macros@3.1.0/node_modules/jest-circus/build/run.js:71:3)
    at runAndTransformResultsToJestFormat (/Users/lst97/Desktop/Work/Code/Projects/canton-cap/gui/node_modules/.pnpm/jest-circus@29.7.0_babel-plugin-macros@3.1.0/node_modules/jest-circus/build/legacy-code-todo-rewrite/jestAdapterInit.js:122:21)
    at jestAdapter (/Users/lst97/Desktop/Work/Code/Projects/canton-cap/gui/node_modules/.pnpm/jest-circus@29.7.0_babel-plugin-macros@3.1.0/node_modules/jest-circus/build/legacy-code-todo-rewrite/jestAdapter.js:79:19)
    at runTestInternal (/Users/lst97/Desktop/Work/Code/Projects/canton-cap/gui/node_modules/.pnpm/jest-runner@29.7.0/node_modules/jest-runner/build/runTest.js:367:16)
    at runTest (/Users/lst97/Desktop/Work/Code/Projects/canton-cap/gui/node_modules/.pnpm/jest-runner@29.7.0/node_modules/jest-runner/build/runTest.js:444:34)</failure>
    </testcase>
    <testcase classname="WorkflowStateManager - Performance Benchmarks › Memory Management" name="should maintain stable memory usage" time="0.015">
      <failure>TypeError: this.performPeriodicCleanup is not a function
    at /Users/lst97/Desktop/Work/Code/Projects/canton-cap/gui/src/renderer/src/services/workflow-state-manager.ts:1049:14
    at callTimer (/Users/lst97/Desktop/Work/Code/Projects/canton-cap/gui/node_modules/.pnpm/@sinonjs+fake-timers@10.3.0/node_modules/@sinonjs/fake-timers/src/fake-timers-src.js:744:24)
    at doTickInner (/Users/lst97/Desktop/Work/Code/Projects/canton-cap/gui/node_modules/.pnpm/@sinonjs+fake-timers@10.3.0/node_modules/@sinonjs/fake-timers/src/fake-timers-src.js:1312:29)
    at doTick (/Users/lst97/Desktop/Work/Code/Projects/canton-cap/gui/node_modules/.pnpm/@sinonjs+fake-timers@10.3.0/node_modules/@sinonjs/fake-timers/src/fake-timers-src.js:1393:20)
    at Object.tick (/Users/lst97/Desktop/Work/Code/Projects/canton-cap/gui/node_modules/.pnpm/@sinonjs+fake-timers@10.3.0/node_modules/@sinonjs/fake-timers/src/fake-timers-src.js:1401:20)
    at Object.runToLast (/Users/lst97/Desktop/Work/Code/Projects/canton-cap/gui/node_modules/.pnpm/@sinonjs+fake-timers@10.3.0/node_modules/@sinonjs/fake-timers/src/fake-timers-src.js:1558:26)
    at FakeTimers.runOnlyPendingTimers (/Users/lst97/Desktop/Work/Code/Projects/canton-cap/gui/node_modules/.pnpm/@jest+fake-timers@29.7.0/node_modules/@jest/fake-timers/build/modernFakeTimers.js:60:19)
    at Object.runOnlyPendingTimers (/Users/lst97/Desktop/Work/Code/Projects/canton-cap/gui/node_modules/.pnpm/jest-runtime@29.7.0/node_modules/jest-runtime/build/index.js:2136:52)
    at Object.&lt;anonymous&gt; (/Users/lst97/Desktop/Work/Code/Projects/canton-cap/gui/src/test-setup.ts:78:8)
    at Promise.then.completed (/Users/lst97/Desktop/Work/Code/Projects/canton-cap/gui/node_modules/.pnpm/jest-circus@29.7.0_babel-plugin-macros@3.1.0/node_modules/jest-circus/build/utils.js:298:28)
    at new Promise (&lt;anonymous&gt;)
    at callAsyncCircusFn (/Users/lst97/Desktop/Work/Code/Projects/canton-cap/gui/node_modules/.pnpm/jest-circus@29.7.0_babel-plugin-macros@3.1.0/node_modules/jest-circus/build/utils.js:231:10)
    at _callCircusHook (/Users/lst97/Desktop/Work/Code/Projects/canton-cap/gui/node_modules/.pnpm/jest-circus@29.7.0_babel-plugin-macros@3.1.0/node_modules/jest-circus/build/run.js:281:40)
    at _runTest (/Users/lst97/Desktop/Work/Code/Projects/canton-cap/gui/node_modules/.pnpm/jest-circus@29.7.0_babel-plugin-macros@3.1.0/node_modules/jest-circus/build/run.js:254:5)
    at _runTestsForDescribeBlock (/Users/lst97/Desktop/Work/Code/Projects/canton-cap/gui/node_modules/.pnpm/jest-circus@29.7.0_babel-plugin-macros@3.1.0/node_modules/jest-circus/build/run.js:126:9)
    at _runTestsForDescribeBlock (/Users/lst97/Desktop/Work/Code/Projects/canton-cap/gui/node_modules/.pnpm/jest-circus@29.7.0_babel-plugin-macros@3.1.0/node_modules/jest-circus/build/run.js:121:9)
    at _runTestsForDescribeBlock (/Users/lst97/Desktop/Work/Code/Projects/canton-cap/gui/node_modules/.pnpm/jest-circus@29.7.0_babel-plugin-macros@3.1.0/node_modules/jest-circus/build/run.js:121:9)
    at run (/Users/lst97/Desktop/Work/Code/Projects/canton-cap/gui/node_modules/.pnpm/jest-circus@29.7.0_babel-plugin-macros@3.1.0/node_modules/jest-circus/build/run.js:71:3)
    at runAndTransformResultsToJestFormat (/Users/lst97/Desktop/Work/Code/Projects/canton-cap/gui/node_modules/.pnpm/jest-circus@29.7.0_babel-plugin-macros@3.1.0/node_modules/jest-circus/build/legacy-code-todo-rewrite/jestAdapterInit.js:122:21)
    at jestAdapter (/Users/lst97/Desktop/Work/Code/Projects/canton-cap/gui/node_modules/.pnpm/jest-circus@29.7.0_babel-plugin-macros@3.1.0/node_modules/jest-circus/build/legacy-code-todo-rewrite/jestAdapter.js:79:19)
    at runTestInternal (/Users/lst97/Desktop/Work/Code/Projects/canton-cap/gui/node_modules/.pnpm/jest-runner@29.7.0/node_modules/jest-runner/build/runTest.js:367:16)
    at runTest (/Users/lst97/Desktop/Work/Code/Projects/canton-cap/gui/node_modules/.pnpm/jest-runner@29.7.0/node_modules/jest-runner/build/runTest.js:444:34)</failure>
    </testcase>
    <testcase classname="WorkflowStateManager - Performance Benchmarks › Memory Management" name="should clean up resources on destroy" time="0.001">
      <failure>TypeError: this.performPeriodicCleanup is not a function
    at /Users/lst97/Desktop/Work/Code/Projects/canton-cap/gui/src/renderer/src/services/workflow-state-manager.ts:1049:14
    at callTimer (/Users/lst97/Desktop/Work/Code/Projects/canton-cap/gui/node_modules/.pnpm/@sinonjs+fake-timers@10.3.0/node_modules/@sinonjs/fake-timers/src/fake-timers-src.js:744:24)
    at doTickInner (/Users/lst97/Desktop/Work/Code/Projects/canton-cap/gui/node_modules/.pnpm/@sinonjs+fake-timers@10.3.0/node_modules/@sinonjs/fake-timers/src/fake-timers-src.js:1312:29)
    at doTick (/Users/lst97/Desktop/Work/Code/Projects/canton-cap/gui/node_modules/.pnpm/@sinonjs+fake-timers@10.3.0/node_modules/@sinonjs/fake-timers/src/fake-timers-src.js:1393:20)
    at Object.tick (/Users/lst97/Desktop/Work/Code/Projects/canton-cap/gui/node_modules/.pnpm/@sinonjs+fake-timers@10.3.0/node_modules/@sinonjs/fake-timers/src/fake-timers-src.js:1401:20)
    at Object.runToLast (/Users/lst97/Desktop/Work/Code/Projects/canton-cap/gui/node_modules/.pnpm/@sinonjs+fake-timers@10.3.0/node_modules/@sinonjs/fake-timers/src/fake-timers-src.js:1558:26)
    at FakeTimers.runOnlyPendingTimers (/Users/lst97/Desktop/Work/Code/Projects/canton-cap/gui/node_modules/.pnpm/@jest+fake-timers@29.7.0/node_modules/@jest/fake-timers/build/modernFakeTimers.js:60:19)
    at Object.runOnlyPendingTimers (/Users/lst97/Desktop/Work/Code/Projects/canton-cap/gui/node_modules/.pnpm/jest-runtime@29.7.0/node_modules/jest-runtime/build/index.js:2136:52)
    at Object.&lt;anonymous&gt; (/Users/lst97/Desktop/Work/Code/Projects/canton-cap/gui/src/test-setup.ts:78:8)
    at Promise.then.completed (/Users/lst97/Desktop/Work/Code/Projects/canton-cap/gui/node_modules/.pnpm/jest-circus@29.7.0_babel-plugin-macros@3.1.0/node_modules/jest-circus/build/utils.js:298:28)
    at new Promise (&lt;anonymous&gt;)
    at callAsyncCircusFn (/Users/lst97/Desktop/Work/Code/Projects/canton-cap/gui/node_modules/.pnpm/jest-circus@29.7.0_babel-plugin-macros@3.1.0/node_modules/jest-circus/build/utils.js:231:10)
    at _callCircusHook (/Users/lst97/Desktop/Work/Code/Projects/canton-cap/gui/node_modules/.pnpm/jest-circus@29.7.0_babel-plugin-macros@3.1.0/node_modules/jest-circus/build/run.js:281:40)
    at _runTest (/Users/lst97/Desktop/Work/Code/Projects/canton-cap/gui/node_modules/.pnpm/jest-circus@29.7.0_babel-plugin-macros@3.1.0/node_modules/jest-circus/build/run.js:254:5)
    at _runTestsForDescribeBlock (/Users/lst97/Desktop/Work/Code/Projects/canton-cap/gui/node_modules/.pnpm/jest-circus@29.7.0_babel-plugin-macros@3.1.0/node_modules/jest-circus/build/run.js:126:9)
    at _runTestsForDescribeBlock (/Users/lst97/Desktop/Work/Code/Projects/canton-cap/gui/node_modules/.pnpm/jest-circus@29.7.0_babel-plugin-macros@3.1.0/node_modules/jest-circus/build/run.js:121:9)
    at _runTestsForDescribeBlock (/Users/lst97/Desktop/Work/Code/Projects/canton-cap/gui/node_modules/.pnpm/jest-circus@29.7.0_babel-plugin-macros@3.1.0/node_modules/jest-circus/build/run.js:121:9)
    at run (/Users/lst97/Desktop/Work/Code/Projects/canton-cap/gui/node_modules/.pnpm/jest-circus@29.7.0_babel-plugin-macros@3.1.0/node_modules/jest-circus/build/run.js:71:3)
    at runAndTransformResultsToJestFormat (/Users/lst97/Desktop/Work/Code/Projects/canton-cap/gui/node_modules/.pnpm/jest-circus@29.7.0_babel-plugin-macros@3.1.0/node_modules/jest-circus/build/legacy-code-todo-rewrite/jestAdapterInit.js:122:21)
    at jestAdapter (/Users/lst97/Desktop/Work/Code/Projects/canton-cap/gui/node_modules/.pnpm/jest-circus@29.7.0_babel-plugin-macros@3.1.0/node_modules/jest-circus/build/legacy-code-todo-rewrite/jestAdapter.js:79:19)
    at runTestInternal (/Users/lst97/Desktop/Work/Code/Projects/canton-cap/gui/node_modules/.pnpm/jest-runner@29.7.0/node_modules/jest-runner/build/runTest.js:367:16)
    at runTest (/Users/lst97/Desktop/Work/Code/Projects/canton-cap/gui/node_modules/.pnpm/jest-runner@29.7.0/node_modules/jest-runner/build/runTest.js:444:34)</failure>
    </testcase>
    <testcase classname="WorkflowStateManager - Performance Benchmarks › Memory Management" name="should handle garbage collection pressure" time="0.355">
      <failure>TypeError: this.performPeriodicCleanup is not a function
    at /Users/lst97/Desktop/Work/Code/Projects/canton-cap/gui/src/renderer/src/services/workflow-state-manager.ts:1049:14
    at callTimer (/Users/lst97/Desktop/Work/Code/Projects/canton-cap/gui/node_modules/.pnpm/@sinonjs+fake-timers@10.3.0/node_modules/@sinonjs/fake-timers/src/fake-timers-src.js:744:24)
    at doTickInner (/Users/lst97/Desktop/Work/Code/Projects/canton-cap/gui/node_modules/.pnpm/@sinonjs+fake-timers@10.3.0/node_modules/@sinonjs/fake-timers/src/fake-timers-src.js:1312:29)
    at doTick (/Users/lst97/Desktop/Work/Code/Projects/canton-cap/gui/node_modules/.pnpm/@sinonjs+fake-timers@10.3.0/node_modules/@sinonjs/fake-timers/src/fake-timers-src.js:1393:20)
    at Object.tick (/Users/lst97/Desktop/Work/Code/Projects/canton-cap/gui/node_modules/.pnpm/@sinonjs+fake-timers@10.3.0/node_modules/@sinonjs/fake-timers/src/fake-timers-src.js:1401:20)
    at Object.runToLast (/Users/lst97/Desktop/Work/Code/Projects/canton-cap/gui/node_modules/.pnpm/@sinonjs+fake-timers@10.3.0/node_modules/@sinonjs/fake-timers/src/fake-timers-src.js:1558:26)
    at FakeTimers.runOnlyPendingTimers (/Users/lst97/Desktop/Work/Code/Projects/canton-cap/gui/node_modules/.pnpm/@jest+fake-timers@29.7.0/node_modules/@jest/fake-timers/build/modernFakeTimers.js:60:19)
    at Object.runOnlyPendingTimers (/Users/lst97/Desktop/Work/Code/Projects/canton-cap/gui/node_modules/.pnpm/jest-runtime@29.7.0/node_modules/jest-runtime/build/index.js:2136:52)
    at Object.&lt;anonymous&gt; (/Users/lst97/Desktop/Work/Code/Projects/canton-cap/gui/src/test-setup.ts:78:8)
    at Promise.then.completed (/Users/lst97/Desktop/Work/Code/Projects/canton-cap/gui/node_modules/.pnpm/jest-circus@29.7.0_babel-plugin-macros@3.1.0/node_modules/jest-circus/build/utils.js:298:28)
    at new Promise (&lt;anonymous&gt;)
    at callAsyncCircusFn (/Users/lst97/Desktop/Work/Code/Projects/canton-cap/gui/node_modules/.pnpm/jest-circus@29.7.0_babel-plugin-macros@3.1.0/node_modules/jest-circus/build/utils.js:231:10)
    at _callCircusHook (/Users/lst97/Desktop/Work/Code/Projects/canton-cap/gui/node_modules/.pnpm/jest-circus@29.7.0_babel-plugin-macros@3.1.0/node_modules/jest-circus/build/run.js:281:40)
    at _runTest (/Users/lst97/Desktop/Work/Code/Projects/canton-cap/gui/node_modules/.pnpm/jest-circus@29.7.0_babel-plugin-macros@3.1.0/node_modules/jest-circus/build/run.js:254:5)
    at _runTestsForDescribeBlock (/Users/lst97/Desktop/Work/Code/Projects/canton-cap/gui/node_modules/.pnpm/jest-circus@29.7.0_babel-plugin-macros@3.1.0/node_modules/jest-circus/build/run.js:126:9)
    at _runTestsForDescribeBlock (/Users/lst97/Desktop/Work/Code/Projects/canton-cap/gui/node_modules/.pnpm/jest-circus@29.7.0_babel-plugin-macros@3.1.0/node_modules/jest-circus/build/run.js:121:9)
    at _runTestsForDescribeBlock (/Users/lst97/Desktop/Work/Code/Projects/canton-cap/gui/node_modules/.pnpm/jest-circus@29.7.0_babel-plugin-macros@3.1.0/node_modules/jest-circus/build/run.js:121:9)
    at run (/Users/lst97/Desktop/Work/Code/Projects/canton-cap/gui/node_modules/.pnpm/jest-circus@29.7.0_babel-plugin-macros@3.1.0/node_modules/jest-circus/build/run.js:71:3)
    at runAndTransformResultsToJestFormat (/Users/lst97/Desktop/Work/Code/Projects/canton-cap/gui/node_modules/.pnpm/jest-circus@29.7.0_babel-plugin-macros@3.1.0/node_modules/jest-circus/build/legacy-code-todo-rewrite/jestAdapterInit.js:122:21)
    at jestAdapter (/Users/lst97/Desktop/Work/Code/Projects/canton-cap/gui/node_modules/.pnpm/jest-circus@29.7.0_babel-plugin-macros@3.1.0/node_modules/jest-circus/build/legacy-code-todo-rewrite/jestAdapter.js:79:19)
    at runTestInternal (/Users/lst97/Desktop/Work/Code/Projects/canton-cap/gui/node_modules/.pnpm/jest-runner@29.7.0/node_modules/jest-runner/build/runTest.js:367:16)
    at runTest (/Users/lst97/Desktop/Work/Code/Projects/canton-cap/gui/node_modules/.pnpm/jest-runner@29.7.0/node_modules/jest-runner/build/runTest.js:444:34)</failure>
    </testcase>
    <testcase classname="WorkflowStateManager - Performance Benchmarks › Observer Performance" name="should scale with observer count" time="10.003">
      <failure>Error: thrown: &quot;Exceeded timeout of 10000 ms for a test.
Add a timeout value to this test to increase the timeout, if this is a long-running test. See https://jestjs.io/docs/api#testname-fn-timeout.&quot;
    at /Users/lst97/Desktop/Work/Code/Projects/canton-cap/gui/src/renderer/src/services/__tests__/workflow-state-manager-performance.test.ts:466:5
    at _dispatchDescribe (/Users/lst97/Desktop/Work/Code/Projects/canton-cap/gui/node_modules/.pnpm/jest-circus@29.7.0_babel-plugin-macros@3.1.0/node_modules/jest-circus/build/index.js:91:26)
    at describe (/Users/lst97/Desktop/Work/Code/Projects/canton-cap/gui/node_modules/.pnpm/jest-circus@29.7.0_babel-plugin-macros@3.1.0/node_modules/jest-circus/build/index.js:55:5)
    at /Users/lst97/Desktop/Work/Code/Projects/canton-cap/gui/src/renderer/src/services/__tests__/workflow-state-manager-performance.test.ts:465:3
    at _dispatchDescribe (/Users/lst97/Desktop/Work/Code/Projects/canton-cap/gui/node_modules/.pnpm/jest-circus@29.7.0_babel-plugin-macros@3.1.0/node_modules/jest-circus/build/index.js:91:26)
    at describe (/Users/lst97/Desktop/Work/Code/Projects/canton-cap/gui/node_modules/.pnpm/jest-circus@29.7.0_babel-plugin-macros@3.1.0/node_modules/jest-circus/build/index.js:55:5)
    at Object.&lt;anonymous&gt; (/Users/lst97/Desktop/Work/Code/Projects/canton-cap/gui/src/renderer/src/services/__tests__/workflow-state-manager-performance.test.ts:68:1)
    at Runtime._execModule (/Users/lst97/Desktop/Work/Code/Projects/canton-cap/gui/node_modules/.pnpm/jest-runtime@29.7.0/node_modules/jest-runtime/build/index.js:1439:24)
    at Runtime._loadModule (/Users/lst97/Desktop/Work/Code/Projects/canton-cap/gui/node_modules/.pnpm/jest-runtime@29.7.0/node_modules/jest-runtime/build/index.js:1022:12)
    at Runtime.requireModule (/Users/lst97/Desktop/Work/Code/Projects/canton-cap/gui/node_modules/.pnpm/jest-runtime@29.7.0/node_modules/jest-runtime/build/index.js:882:12)
    at jestAdapter (/Users/lst97/Desktop/Work/Code/Projects/canton-cap/gui/node_modules/.pnpm/jest-circus@29.7.0_babel-plugin-macros@3.1.0/node_modules/jest-circus/build/legacy-code-todo-rewrite/jestAdapter.js:77:13)
    at processTicksAndRejections (node:internal/process/task_queues:105:5)
    at runTestInternal (/Users/lst97/Desktop/Work/Code/Projects/canton-cap/gui/node_modules/.pnpm/jest-runner@29.7.0/node_modules/jest-runner/build/runTest.js:367:16)
    at runTest (/Users/lst97/Desktop/Work/Code/Projects/canton-cap/gui/node_modules/.pnpm/jest-runner@29.7.0/node_modules/jest-runner/build/runTest.js:444:34)</failure>
      <failure>TypeError: this.performPeriodicCleanup is not a function
    at /Users/lst97/Desktop/Work/Code/Projects/canton-cap/gui/src/renderer/src/services/workflow-state-manager.ts:1049:14
    at callTimer (/Users/lst97/Desktop/Work/Code/Projects/canton-cap/gui/node_modules/.pnpm/@sinonjs+fake-timers@10.3.0/node_modules/@sinonjs/fake-timers/src/fake-timers-src.js:744:24)
    at doTickInner (/Users/lst97/Desktop/Work/Code/Projects/canton-cap/gui/node_modules/.pnpm/@sinonjs+fake-timers@10.3.0/node_modules/@sinonjs/fake-timers/src/fake-timers-src.js:1312:29)
    at doTick (/Users/lst97/Desktop/Work/Code/Projects/canton-cap/gui/node_modules/.pnpm/@sinonjs+fake-timers@10.3.0/node_modules/@sinonjs/fake-timers/src/fake-timers-src.js:1393:20)
    at Object.tick (/Users/lst97/Desktop/Work/Code/Projects/canton-cap/gui/node_modules/.pnpm/@sinonjs+fake-timers@10.3.0/node_modules/@sinonjs/fake-timers/src/fake-timers-src.js:1401:20)
    at Object.runToLast (/Users/lst97/Desktop/Work/Code/Projects/canton-cap/gui/node_modules/.pnpm/@sinonjs+fake-timers@10.3.0/node_modules/@sinonjs/fake-timers/src/fake-timers-src.js:1558:26)
    at FakeTimers.runOnlyPendingTimers (/Users/lst97/Desktop/Work/Code/Projects/canton-cap/gui/node_modules/.pnpm/@jest+fake-timers@29.7.0/node_modules/@jest/fake-timers/build/modernFakeTimers.js:60:19)
    at Object.runOnlyPendingTimers (/Users/lst97/Desktop/Work/Code/Projects/canton-cap/gui/node_modules/.pnpm/jest-runtime@29.7.0/node_modules/jest-runtime/build/index.js:2136:52)
    at Object.&lt;anonymous&gt; (/Users/lst97/Desktop/Work/Code/Projects/canton-cap/gui/src/test-setup.ts:78:8)
    at Promise.then.completed (/Users/lst97/Desktop/Work/Code/Projects/canton-cap/gui/node_modules/.pnpm/jest-circus@29.7.0_babel-plugin-macros@3.1.0/node_modules/jest-circus/build/utils.js:298:28)
    at new Promise (&lt;anonymous&gt;)
    at callAsyncCircusFn (/Users/lst97/Desktop/Work/Code/Projects/canton-cap/gui/node_modules/.pnpm/jest-circus@29.7.0_babel-plugin-macros@3.1.0/node_modules/jest-circus/build/utils.js:231:10)
    at _callCircusHook (/Users/lst97/Desktop/Work/Code/Projects/canton-cap/gui/node_modules/.pnpm/jest-circus@29.7.0_babel-plugin-macros@3.1.0/node_modules/jest-circus/build/run.js:281:40)
    at _runTest (/Users/lst97/Desktop/Work/Code/Projects/canton-cap/gui/node_modules/.pnpm/jest-circus@29.7.0_babel-plugin-macros@3.1.0/node_modules/jest-circus/build/run.js:254:5)
    at _runTestsForDescribeBlock (/Users/lst97/Desktop/Work/Code/Projects/canton-cap/gui/node_modules/.pnpm/jest-circus@29.7.0_babel-plugin-macros@3.1.0/node_modules/jest-circus/build/run.js:126:9)
    at _runTestsForDescribeBlock (/Users/lst97/Desktop/Work/Code/Projects/canton-cap/gui/node_modules/.pnpm/jest-circus@29.7.0_babel-plugin-macros@3.1.0/node_modules/jest-circus/build/run.js:121:9)
    at _runTestsForDescribeBlock (/Users/lst97/Desktop/Work/Code/Projects/canton-cap/gui/node_modules/.pnpm/jest-circus@29.7.0_babel-plugin-macros@3.1.0/node_modules/jest-circus/build/run.js:121:9)
    at run (/Users/lst97/Desktop/Work/Code/Projects/canton-cap/gui/node_modules/.pnpm/jest-circus@29.7.0_babel-plugin-macros@3.1.0/node_modules/jest-circus/build/run.js:71:3)
    at runAndTransformResultsToJestFormat (/Users/lst97/Desktop/Work/Code/Projects/canton-cap/gui/node_modules/.pnpm/jest-circus@29.7.0_babel-plugin-macros@3.1.0/node_modules/jest-circus/build/legacy-code-todo-rewrite/jestAdapterInit.js:122:21)
    at jestAdapter (/Users/lst97/Desktop/Work/Code/Projects/canton-cap/gui/node_modules/.pnpm/jest-circus@29.7.0_babel-plugin-macros@3.1.0/node_modules/jest-circus/build/legacy-code-todo-rewrite/jestAdapter.js:79:19)
    at runTestInternal (/Users/lst97/Desktop/Work/Code/Projects/canton-cap/gui/node_modules/.pnpm/jest-runner@29.7.0/node_modules/jest-runner/build/runTest.js:367:16)
    at runTest (/Users/lst97/Desktop/Work/Code/Projects/canton-cap/gui/node_modules/.pnpm/jest-runner@29.7.0/node_modules/jest-runner/build/runTest.js:444:34)</failure>
    </testcase>
    <testcase classname="WorkflowStateManager - Performance Benchmarks › Observer Performance" name="should handle observer errors without performance impact" time="10.002">
      <failure>Error: thrown: &quot;Exceeded timeout of 10000 ms for a test.
Add a timeout value to this test to increase the timeout, if this is a long-running test. See https://jestjs.io/docs/api#testname-fn-timeout.&quot;
    at /Users/lst97/Desktop/Work/Code/Projects/canton-cap/gui/src/renderer/src/services/__tests__/workflow-state-manager-performance.test.ts:506:5
[...]
    at doTick (/Users/lst97/Desktop/Work/Code/Projects/canton-cap/gui/node_modules/.pnpm/@sinonjs+fake-timers@10.3.0/node_modules/@sinonjs/fake-timers/src/fake-timers-src.js:1393:20)
    at Object.tick (/Users/lst97/Desktop/Work/Code/Projects/canton-cap/gui/node_modules/.pnpm/@sinonjs+fake-timers@10.3.0/node_modules/@sinonjs/fake-timers/src/fake-timers-src.js:1401:20)
    at Object.runToLast (/Users/lst97/Desktop/Work/Code/Projects/canton-cap/gui/node_modules/.pnpm/@sinonjs+fake-timers@10.3.0/node_modules/@sinonjs/fake-timers/src/fake-timers-src.js:1558:26)
    at FakeTimers.runOnlyPendingTimers (/Users/lst97/Desktop/Work/Code/Projects/canton-cap/gui/node_modules/.pnpm/@jest+fake-timers@29.7.0/node_modules/@jest/fake-timers/build/modernFakeTimers.js:60:19)
    at Object.runOnlyPendingTimers (/Users/lst97/Desktop/Work/Code/Projects/canton-cap/gui/node_modules/.pnpm/jest-runtime@29.7.0/node_modules/jest-runtime/build/index.js:2136:52)
    at Object.&lt;anonymous&gt; (/Users/lst97/Desktop/Work/Code/Projects/canton-cap/gui/src/test-setup.ts:78:8)
    at Promise.then.completed (/Users/lst97/Desktop/Work/Code/Projects/canton-cap/gui/node_modules/.pnpm/jest-circus@29.7.0_babel-plugin-macros@3.1.0/node_modules/jest-circus/build/utils.js:298:28)
    at new Promise (&lt;anonymous&gt;)
    at callAsyncCircusFn (/Users/lst97/Desktop/Work/Code/Projects/canton-cap/gui/node_modules/.pnpm/jest-circus@29.7.0_babel-plugin-macros@3.1.0/node_modules/jest-circus/build/utils.js:231:10)
    at _callCircusHook (/Users/lst97/Desktop/Work/Code/Projects/canton-cap/gui/node_modules/.pnpm/jest-circus@29.7.0_babel-plugin-macros@3.1.0/node_modules/jest-circus/build/run.js:281:40)
    at _runTest (/Users/lst97/Desktop/Work/Code/Projects/canton-cap/gui/node_modules/.pnpm/jest-circus@29.7.0_babel-plugin-macros@3.1.0/node_modules/jest-circus/build/run.js:254:5)
    at _runTestsForDescribeBlock (/Users/lst97/Desktop/Work/Code/Projects/canton-cap/gui/node_modules/.pnpm/jest-circus@29.7.0_babel-plugin-macros@3.1.0/node_modules/jest-circus/build/run.js:126:9)
    at _runTestsForDescribeBlock (/Users/lst97/Desktop/Work/Code/Projects/canton-cap/gui/node_modules/.pnpm/jest-circus@29.7.0_babel-plugin-macros@3.1.0/node_modules/jest-circus/build/run.js:121:9)
    at _runTestsForDescribeBlock (/Users/lst97/Desktop/Work/Code/Projects/canton-cap/gui/node_modules/.pnpm/jest-circus@29.7.0_babel-plugin-macros@3.1.0/node_modules/jest-circus/build/run.js:121:9)
    at run (/Users/lst97/Desktop/Work/Code/Projects/canton-cap/gui/node_modules/.pnpm/jest-circus@29.7.0_babel-plugin-macros@3.1.0/node_modules/jest-circus/build/run.js:71:3)
    at runAndTransformResultsToJestFormat (/Users/lst97/Desktop/Work/Code/Projects/canton-cap/gui/node_modules/.pnpm/jest-circus@29.7.0_babel-plugin-macros@3.1.0/node_modules/jest-circus/build/legacy-code-todo-rewrite/jestAdapterInit.js:122:21)
    at jestAdapter (/Users/lst97/Desktop/Work/Code/Projects/canton-cap/gui/node_modules/.pnpm/jest-circus@29.7.0_babel-plugin-macros@3.1.0/node_modules/jest-circus/build/legacy-code-todo-rewrite/jestAdapter.js:79:19)
    at runTestInternal (/Users/lst97/Desktop/Work/Code/Projects/canton-cap/gui/node_modules/.pnpm/jest-runner@29.7.0/node_modules/jest-runner/build/runTest.js:367:16)
    at runTest (/Users/lst97/Desktop/Work/Code/Projects/canton-cap/gui/node_modules/.pnpm/jest-runner@29.7.0/node_modules/jest-runner/build/runTest.js:444:34)</failure>
    </testcase>
    <testcase classname="WorkflowStateManager - Core Functionality › Error Handling and Edge Cases" name="should handle undefined/null parameters" time="0.001">
      <failure>TypeError: this.performPeriodicCleanup is not a function
    at /Users/lst97/Desktop/Work/Code/Projects/canton-cap/gui/src/renderer/src/services/workflow-state-manager.ts:1049:14
    at callTimer (/Users/lst97/Desktop/Work/Code/Projects/canton-cap/gui/node_modules/.pnpm/@sinonjs+fake-timers@10.3.0/node_modules/@sinonjs/fake-timers/src/fake-timers-src.js:744:24)
    at doTickInner (/Users/lst97/Desktop/Work/Code/Projects/canton-cap/gui/node_modules/.pnpm/@sinonjs+fake-timers@10.3.0/node_modules/@sinonjs/fake-timers/src/fake-timers-src.js:1312:29)
    at doTick (/Users/lst97/Desktop/Work/Code/Projects/canton-cap/gui/node_modules/.pnpm/@sinonjs+fake-timers@10.3.0/node_modules/@sinonjs/fake-timers/src/fake-timers-src.js:1393:20)
    at Object.tick (/Users/lst97/Desktop/Work/Code/Projects/canton-cap/gui/node_modules/.pnpm/@sinonjs+fake-timers@10.3.0/node_modules/@sinonjs/fake-timers/src/fake-timers-src.js:1401:20)
    at Object.runToLast (/Users/lst97/Desktop/Work/Code/Projects/canton-cap/gui/node_modules/.pnpm/@sinonjs+fake-timers@10.3.0/node_modules/@sinonjs/fake-timers/src/fake-timers-src.js:1558:26)
    at FakeTimers.runOnlyPendingTimers (/Users/lst97/Desktop/Work/Code/Projects/canton-cap/gui/node_modules/.pnpm/@jest+fake-timers@29.7.0/node_modules/@jest/fake-timers/build/modernFakeTimers.js:60:19)
    at Object.runOnlyPendingTimers (/Users/lst97/Desktop/Work/Code/Projects/canton-cap/gui/node_modules/.pnpm/jest-runtime@29.7.0/node_modules/jest-runtime/build/index.js:2136:52)
    at Object.&lt;anonymous&gt; (/Users/lst97/Desktop/Work/Code/Projects/canton-cap/gui/src/renderer/src/services/__tests__/workflow-state-manager.test.ts:75:10)
    at Promise.then.completed (/Users/lst97/Desktop/Work/Code/Projects/canton-cap/gui/node_modules/.pnpm/jest-circus@29.7.0_babel-plugin-macros@3.1.0/node_modules/jest-circus/build/utils.js:298:28)
    at new Promise (&lt;anonymous&gt;)
    at callAsyncCircusFn (/Users/lst97/Desktop/Work/Code/Projects/canton-cap/gui/node_modules/.pnpm/jest-circus@29.7.0_babel-plugin-macros@3.1.0/node_modules/jest-circus/build/utils.js:231:10)
    at _callCircusHook (/Users/lst97/Desktop/Work/Code/Projects/canton-cap/gui/node_modules/.pnpm/jest-circus@29.7.0_babel-plugin-macros@3.1.0/node_modules/jest-circus/build/run.js:281:40)
    at _runTest (/Users/lst97/Desktop/Work/Code/Projects/canton-cap/gui/node_modules/.pnpm/jest-circus@29.7.0_babel-plugin-macros@3.1.0/node_modules/jest-circus/build/run.js:254:5)
    at _runTestsForDescribeBlock (/Users/lst97/Desktop/Work/Code/Projects/canton-cap/gui/node_modules/.pnpm/jest-circus@29.7.0_babel-plugin-macros@3.1.0/node_modules/jest-circus/build/run.js:126:9)
    at _runTestsForDescribeBlock (/Users/lst97/Desktop/Work/Code/Projects/canton-cap/gui/node_modules/.pnpm/jest-circus@29.7.0_babel-plugin-macros@3.1.0/node_modules/jest-circus/build/run.js:121:9)
    at _runTestsForDescribeBlock (/Users/lst97/Desktop/Work/Code/Projects/canton-cap/gui/node_modules/.pnpm/jest-circus@29.7.0_babel-plugin-macros@3.1.0/node_modules/jest-circus/build/run.js:121:9)
    at run (/Users/lst97/Desktop/Work/Code/Projects/canton-cap/gui/node_modules/.pnpm/jest-circus@29.7.0_babel-plugin-macros@3.1.0/node_modules/jest-circus/build/run.js:71:3)
    at runAndTransformResultsToJestFormat (/Users/lst97/Desktop/Work/Code/Projects/canton-cap/gui/node_modules/.pnpm/jest-circus@29.7.0_babel-plugin-macros@3.1.0/node_modules/jest-circus/build/legacy-code-todo-rewrite/jestAdapterInit.js:122:21)
    at jestAdapter (/Users/lst97/Desktop/Work/Code/Projects/canton-cap/gui/node_modules/.pnpm/jest-circus@29.7.0_babel-plugin-macros@3.1.0/node_modules/jest-circus/build/legacy-code-todo-rewrite/jestAdapter.js:79:19)
    at runTestInternal (/Users/lst97/Desktop/Work/Code/Projects/canton-cap/gui/node_modules/.pnpm/jest-runner@29.7.0/node_modules/jest-runner/build/runTest.js:367:16)
    at runTest (/Users/lst97/Desktop/Work/Code/Projects/canton-cap/gui/node_modules/.pnpm/jest-runner@29.7.0/node_modules/jest-runner/build/runTest.js:444:34)</failure>
      <failure>TypeError: this.performPeriodicCleanup is not a function
    at /Users/lst97/Desktop/Work/Code/Projects/canton-cap/gui/src/renderer/src/services/workflow-state-manager.ts:1049:14
    at callTimer (/Users/lst97/Desktop/Work/Code/Projects/canton-cap/gui/node_modules/.pnpm/@sinonjs+fake-timers@10.3.0/node_modules/@sinonjs/fake-timers/src/fake-timers-src.js:744:24)
    at doTickInner (/Users/lst97/Desktop/Work/Code/Projects/canton-cap/gui/node_modules/.pnpm/@sinonjs+fake-timers@10.3.0/node_modules/@sinonjs/fake-timers/src/fake-timers-src.js:1312:29)
    at doTick (/Users/lst97/Desktop/Work/Code/Projects/canton-cap/gui/node_modules/.pnpm/@sinonjs+fake-timers@10.3.0/node_modules/@sinonjs/fake-timers/src/fake-timers-src.js:1393:20)
    at Object.tick (/Users/lst97/Desktop/Work/Code/Projects/canton-cap/gui/node_modules/.pnpm/@sinonjs+fake-timers@10.3.0/node_modules/@sinonjs/fake-timers/src/fake-timers-src.js:1401:20)
    at Object.runToLast (/Users/lst97/Desktop/Work/Code/Projects/canton-cap/gui/node_modules/.pnpm/@sinonjs+fake-timers@10.3.0/node_modules/@sinonjs/fake-timers/src/fake-timers-src.js:1558:26)
    at FakeTimers.runOnlyPendingTimers (/Users/lst97/Desktop/Work/Code/Projects/canton-cap/gui/node_modules/.pnpm/@jest+fake-timers@29.7.0/node_modules/@jest/fake-timers/build/modernFakeTimers.js:60:19)
    at Object.runOnlyPendingTimers (/Users/lst97/Desktop/Work/Code/Projects/canton-cap/gui/node_modules/.pnpm/jest-runtime@29.7.0/node_modules/jest-runtime/build/index.js:2136:52)
    at Object.&lt;anonymous&gt; (/Users/lst97/Desktop/Work/Code/Projects/canton-cap/gui/src/test-setup.ts:78:8)
    at Promise.then.completed (/Users/lst97/Desktop/Work/Code/Projects/canton-cap/gui/node_modules/.pnpm/jest-circus@29.7.0_babel-plugin-macros@3.1.0/node_modules/jest-circus/build/utils.js:298:28)
    at new Promise (&lt;anonymous&gt;)
    at callAsyncCircusFn (/Users/lst97/Desktop/Work/Code/Projects/canton-cap/gui/node_modules/.pnpm/jest-circus@29.7.0_babel-plugin-macros@3.1.0/node_modules/jest-circus/build/utils.js:231:10)
    at _callCircusHook (/Users/lst97/Desktop/Work/Code/Projects/canton-cap/gui/node_modules/.pnpm/jest-circus@29.7.0_babel-plugin-macros@3.1.0/node_modules/jest-circus/build/run.js:281:40)
    at _runTest (/Users/lst97/Desktop/Work/Code/Projects/canton-cap/gui/node_modules/.pnpm/jest-circus@29.7.0_babel-plugin-macros@3.1.0/node_modules/jest-circus/build/run.js:254:5)
    at _runTestsForDescribeBlock (/Users/lst97/Desktop/Work/Code/Projects/canton-cap/gui/node_modules/.pnpm/jest-circus@29.7.0_babel-plugin-macros@3.1.0/node_modules/jest-circus/build/run.js:126:9)
    at _runTestsForDescribeBlock (/Users/lst97/Desktop/Work/Code/Projects/canton-cap/gui/node_modules/.pnpm/jest-circus@29.7.0_babel-plugin-macros@3.1.0/node_modules/jest-circus/build/run.js:121:9)
    at _runTestsForDescribeBlock (/Users/lst97/Desktop/Work/Code/Projects/canton-cap/gui/node_modules/.pnpm/jest-circus@29.7.0_babel-plugin-macros@3.1.0/node_modules/jest-circus/build/run.js:121:9)
    at run (/Users/lst97/Desktop/Work/Code/Projects/canton-cap/gui/node_modules/.pnpm/jest-circus@29.7.0_babel-plugin-macros@3.1.0/node_modules/jest-circus/build/run.js:71:3)
    at runAndTransformResultsToJestFormat (/Users/lst97/Desktop/Work/Code/Projects/canton-cap/gui/node_modules/.pnpm/jest-circus@29.7.0_babel-plugin-macros@3.1.0/node_modules/jest-circus/build/legacy-code-todo-rewrite/jestAdapterInit.js:122:21)
    at jestAdapter (/Users/lst97/Desktop/Work/Code/Projects/canton-cap/gui/node_modules/.pnpm/jest-circus@29.7.0_babel-plugin-macros@3.1.0/node_modules/jest-circus/build/legacy-code-todo-rewrite/jestAdapter.js:79:19)
    at runTestInternal (/Users/lst97/Desktop/Work/Code/Projects/canton-cap/gui/node_modules/.pnpm/jest-runner@29.7.0/node_modules/jest-runner/build/runTest.js:367:16)
    at runTest (/Users/lst97/Desktop/Work/Code/Projects/canton-cap/gui/node_modules/.pnpm/jest-runner@29.7.0/node_modules/jest-runner/build/runTest.js:444:34)</failure>
    </testcase>
    <testcase classname="WorkflowStateManager - Core Functionality › Error Handling and Edge Cases" name="should validate step ID creation" time="0.001">
      <failure>TypeError: this.performPeriodicCleanup is not a function
    at /Users/lst97/Desktop/Work/Code/Projects/canton-cap/gui/src/renderer/src/services/workflow-state-manager.ts:1049:14
    at callTimer (/Users/lst97/Desktop/Work/Code/Projects/canton-cap/gui/node_modules/.pnpm/@sinonjs+fake-timers@10.3.0/node_modules/@sinonjs/fake-timers/src/fake-timers-src.js:744:24)
    at doTickInner (/Users/lst97/Desktop/Work/Code/Projects/canton-cap/gui/node_modules/.pnpm/@sinonjs+fake-timers@10.3.0/node_modules/@sinonjs/fake-timers/src/fake-timers-src.js:1312:29)
    at doTick (/Users/lst97/Desktop/Work/Code/Projects/canton-cap/gui/node_modules/.pnpm/@sinonjs+fake-timers@10.3.0/node_modules/@sinonjs/fake-timers/src/fake-timers-src.js:1393:20)
    at Object.tick (/Users/lst97/Desktop/Work/Code/Projects/canton-cap/gui/node_modules/.pnpm/@sinonjs+fake-timers@10.3.0/node_modules/@sinonjs/fake-timers/src/fake-timers-src.js:1401:20)
    at Object.runToLast (/Users/lst97/Desktop/Work/Code/Projects/canton-cap/gui/node_modules/.pnpm/@sinonjs+fake-timers@10.3.0/node_modules/@sinonjs/fake-timers/src/fake-timers-src.js:1558:26)
    at FakeTimers.runOnlyPendingTimers (/Users/lst97/Desktop/Work/Code/Projects/canton-cap/gui/node_modules/.pnpm/@jest+fake-timers@29.7.0/node_modules/@jest/fake-timers/build/modernFakeTimers.js:60:19)
    at Object.runOnlyPendingTimers (/Users/lst97/Desktop/Work/Code/Projects/canton-cap/gui/node_modules/.pnpm/jest-runtime@29.7.0/node_modules/jest-runtime/build/index.js:2136:52)
    at Object.&lt;anonymous&gt; (/Users/lst97/Desktop/Work/Code/Projects/canton-cap/gui/src/renderer/src/services/__tests__/workflow-state-manager.test.ts:75:10)
    at Promise.then.completed (/Users/lst97/Desktop/Work/Code/Projects/canton-cap/gui/node_modules/.pnpm/jest-circus@29.7.0_babel-plugin-macros@3.1.0/node_modules/jest-circus/build/utils.js:298:28)
    at new Promise (&lt;anonymous&gt;)
    at callAsyncCircusFn (/Users/lst97/Desktop/Work/Code/Projects/canton-cap/gui/node_modules/.pnpm/jest-circus@29.7.0_babel-plugin-macros@3.1.0/node_modules/jest-circus/build/utils.js:231:10)
    at _callCircusHook (/Users/lst97/Desktop/Work/Code/Projects/canton-cap/gui/node_modules/.pnpm/jest-circus@29.7.0_babel-plugin-macros@3.1.0/node_modules/jest-circus/build/run.js:281:40)
    at _runTest (/Users/lst97/Desktop/Work/Code/Projects/canton-cap/gui/node_modules/.pnpm/jest-circus@29.7.0_babel-plugin-macros@3.1.0/node_modules/jest-circus/build/run.js:254:5)
    at _runTestsForDescribeBlock (/Users/lst97/Desktop/Work/Code/Projects/canton-cap/gui/node_modules/.pnpm/jest-circus@29.7.0_babel-plugin-macros@3.1.0/node_modules/jest-circus/build/run.js:126:9)
    at _runTestsForDescribeBlock (/Users/lst97/Desktop/Work/Code/Projects/canton-cap/gui/node_modules/.pnpm/jest-circus@29.7.0_babel-plugin-macros@3.1.0/node_modules/jest-circus/build/run.js:121:9)
    at _runTestsForDescribeBlock (/Users/lst97/Desktop/Work/Code/Projects/canton-cap/gui/node_modules/.pnpm/jest-circus@29.7.0_babel-plugin-macros@3.1.0/node_modules/jest-circus/build/run.js:121:9)
    at run (/Users/lst97/Desktop/Work/Code/Projects/canton-cap/gui/node_modules/.pnpm/jest-circus@29.7.0_babel-plugin-macros@3.1.0/node_modules/jest-circus/build/run.js:71:3)
    at runAndTransformResultsToJestFormat (/Users/lst97/Desktop/Work/Code/Projects/canton-cap/gui/node_modules/.pnpm/jest-circus@29.7.0_babel-plugin-macros@3.1.0/node_modules/jest-circus/build/legacy-code-todo-rewrite/jestAdapterInit.js:122:21)
    at jestAdapter (/Users/lst97/Desktop/Work/Code/Projects/canton-cap/gui/node_modules/.pnpm/jest-circus@29.7.0_babel-plugin-macros@3.1.0/node_modules/jest-circus/build/legacy-code-todo-rewrite/jestAdapter.js:79:19)
    at runTestInternal (/Users/lst97/Desktop/Work/Code/Projects/canton-cap/gui/node_modules/.pnpm/jest-runner@29.7.0/node_modules/jest-runner/build/runTest.js:367:16)
    at runTest (/Users/lst97/Desktop/Work/Code/Projects/canton-cap/gui/node_modules/.pnpm/jest-runner@29.7.0/node_modules/jest-runner/build/runTest.js:444:34)</failure>
      <failure>TypeError: this.performPeriodicCleanup is not a function
    at /Users/lst97/Desktop/Work/Code/Projects/canton-cap/gui/src/renderer/src/services/workflow-state-manager.ts:1049:14
    at callTimer (/Users/lst97/Desktop/Work/Code/Projects/canton-cap/gui/node_modules/.pnpm/@sinonjs+fake-timers@10.3.0/node_modules/@sinonjs/fake-timers/src/fake-timers-src.js:744:24)
    at doTickInner (/Users/lst97/Desktop/Work/Code/Projects/canton-cap/gui/node_modules/.pnpm/@sinonjs+fake-timers@10.3.0/node_modules/@sinonjs/fake-timers/src/fake-timers-src.js:1312:29)
    at doTick (/Users/lst97/Desktop/Work/Code/Projects/canton-cap/gui/node_modules/.pnpm/@sinonjs+fake-timers@10.3.0/node_modules/@sinonjs/fake-timers/src/fake-timers-src.js:1393:20)
    at Object.tick (/Users/lst97/Desktop/Work/Code/Projects/canton-cap/gui/node_modules/.pnpm/@sinonjs+fake-timers@10.3.0/node_modules/@sinonjs/fake-timers/src/fake-timers-src.js:1401:20)
    at Object.runToLast (/Users/lst97/Desktop/Work/Code/Projects/canton-cap/gui/node_modules/.pnpm/@sinonjs+fake-timers@10.3.0/node_modules/@sinonjs/fake-timers/src/fake-timers-src.js:1558:26)
    at FakeTimers.runOnlyPendingTimers (/Users/lst97/Desktop/Work/Code/Projects/canton-cap/gui/node_modules/.pnpm/@jest+fake-timers@29.7.0/node_modules/@jest/fake-timers/build/modernFakeTimers.js:60:19)
    at Object.runOnlyPendingTimers (/Users/lst97/Desktop/Work/Code/Projects/canton-cap/gui/node_modules/.pnpm/jest-runtime@29.7.0/node_modules/jest-runtime/build/index.js:2136:52)
    at Object.&lt;anonymous&gt; (/Users/lst97/Desktop/Work/Code/Projects/canton-cap/gui/src/test-setup.ts:78:8)
    at Promise.then.completed (/Users/lst97/Desktop/Work/Code/Projects/canton-cap/gui/node_modules/.pnpm/jest-circus@29.7.0_babel-plugin-macros@3.1.0/node_modules/jest-circus/build/utils.js:298:28)
    at new Promise (&lt;anonymous&gt;)
    at callAsyncCircusFn (/Users/lst97/Desktop/Work/Code/Projects/canton-cap/gui/node_modules/.pnpm/jest-circus@29.7.0_babel-plugin-macros@3.1.0/node_modules/jest-circus/build/utils.js:231:10)
    at _callCircusHook (/Users/lst97/Desktop/Work/Code/Projects/canton-cap/gui/node_modules/.pnpm/jest-circus@29.7.0_babel-plugin-macros@3.1.0/node_modules/jest-circus/build/run.js:281:40)
    at _runTest (/Users/lst97/Desktop/Work/Code/Projects/canton-cap/gui/node_modules/.pnpm/jest-circus@29.7.0_babel-plugin-macros@3.1.0/node_modules/jest-circus/build/run.js:254:5)
    at _runTestsForDescribeBlock (/Users/lst97/Desktop/Work/Code/Projects/canton-cap/gui/node_modules/.pnpm/jest-circus@29.7.0_babel-plugin-macros@3.1.0/node_modules/jest-circus/build/run.js:126:9)
    at _runTestsForDescribeBlock (/Users/lst97/Desktop/Work/Code/Projects/canton-cap/gui/node_modules/.pnpm/jest-circus@29.7.0_babel-plugin-macros@3.1.0/node_modules/jest-circus/build/run.js:121:9)
    at _runTestsForDescribeBlock (/Users/lst97/Desktop/Work/Code/Projects/canton-cap/gui/node_modules/.pnpm/jest-circus@29.7.0_babel-plugin-macros@3.1.0/node_modules/jest-circus/build/run.js:121:9)
    at run (/Users/lst97/Desktop/Work/Code/Projects/canton-cap/gui/node_modules/.pnpm/jest-circus@29.7.0_babel-plugin-macros@3.1.0/node_modules/jest-circus/build/run.js:71:3)
    at runAndTransformResultsToJestFormat (/Users/lst97/Desktop/Work/Code/Projects/canton-cap/gui/node_modules/.pnpm/jest-circus@29.7.0_babel-plugin-macros@3.1.0/node_modules/jest-circus/build/legacy-code-todo-rewrite/jestAdapterInit.js:122:21)
    at jestAdapter (/Users/lst97/Desktop/Work/Code/Projects/canton-cap/gui/node_modules/.pnpm/jest-circus@29.7.0_babel-plugin-macros@3.1.0/node_modules/jest-circus/build/legacy-code-todo-rewrite/jestAdapter.js:79:19)
    at runTestInternal (/Users/lst97/Desktop/Work/Code/Projects/canton-cap/gui/node_modules/.pnpm/jest-runner@29.7.0/node_modules/jest-runner/build/runTest.js:367:16)
    at runTest (/Users/lst97/Desktop/Work/Code/Projects/canton-cap/gui/node_modules/.pnpm/jest-runner@29.7.0/node_modules/jest-runner/build/runTest.js:444:34)</failure>
    </testcase>
  </testsuite>
</testsuites>